Calling target program-options parser
[21:28:46.833] [bmv2] [D] [thread 3618] Set default default entry for table 'MyIngress.ipv4_lpm': MyIngress.drop - 
Adding interface s3-eth1 as port 1
[21:28:46.841] [bmv2] [D] [thread 3618] Adding interface s3-eth1 as port 1
Adding interface s3-eth2 as port 2
[21:28:46.939] [bmv2] [D] [thread 3618] Adding interface s3-eth2 as port 2
Server listening on 0.0.0.0:50053
[21:28:47.060] [bmv2] [I] [thread 3618] Starting Thrift server on port 9092
[21:28:47.066] [bmv2] [I] [thread 3618] Thrift server was started
[21:28:47.167] [bmv2] [D] [thread 3636] [0.0] [cxt 0] Processing packet received on port 1
[21:28:47.168] [bmv2] [D] [thread 3636] [0.0] [cxt 0] Parser 'parser': start
[21:28:47.168] [bmv2] [D] [thread 3636] [0.0] [cxt 0] Parser 'parser' entering state 'start'
[21:28:47.168] [bmv2] [D] [thread 3636] [0.0] [cxt 0] Extracting header 'ethernet'
[21:28:47.168] [bmv2] [D] [thread 3636] [0.0] [cxt 0] Parser state 'start': key is 86dd
[21:28:47.168] [bmv2] [T] [thread 3636] [0.0] [cxt 0] Bytes parsed: 14
[21:28:47.168] [bmv2] [D] [thread 3636] [0.0] [cxt 0] Parser 'parser': end
[21:28:47.168] [bmv2] [D] [thread 3636] [0.0] [cxt 0] Pipeline 'ingress': start
[21:28:47.168] [bmv2] [T] [thread 3636] [0.0] [cxt 0] basic.p4(115) Condition "hdr.ipv4.isValid()" (node_2) is false
[21:28:47.168] [bmv2] [D] [thread 3636] [0.0] [cxt 0] Pipeline 'ingress': end
[21:28:47.168] [bmv2] [D] [thread 3636] [0.0] [cxt 0] Egress port is 0
[21:28:47.171] [bmv2] [D] [thread 3637] [0.0] [cxt 0] Pipeline 'egress': start
[21:28:47.171] [bmv2] [D] [thread 3637] [0.0] [cxt 0] Pipeline 'egress': end
[21:28:47.171] [bmv2] [D] [thread 3637] [0.0] [cxt 0] Deparser 'deparser': start
[21:28:47.171] [bmv2] [T] [thread 3637] [0.0] [cxt 0] Skipping checksum 'cksum' update because condition not met
[21:28:47.174] [bmv2] [D] [thread 3637] [0.0] [cxt 0] Deparsing header 'ethernet'
[21:28:47.174] [bmv2] [D] [thread 3637] [0.0] [cxt 0] Deparser 'deparser': end
[21:28:47.174] [bmv2] [D] [thread 3641] [0.0] [cxt 0] Transmitting packet of size 208 out of port 0
[21:28:47.223] [bmv2] [D] [thread 3636] [1.0] [cxt 0] Processing packet received on port 2
[21:28:47.223] [bmv2] [D] [thread 3636] [1.0] [cxt 0] Parser 'parser': start
[21:28:47.223] [bmv2] [D] [thread 3636] [1.0] [cxt 0] Parser 'parser' entering state 'start'
[21:28:47.223] [bmv2] [D] [thread 3636] [1.0] [cxt 0] Extracting header 'ethernet'
[21:28:47.223] [bmv2] [D] [thread 3636] [1.0] [cxt 0] Parser state 'start': key is 86dd
[21:28:47.223] [bmv2] [T] [thread 3636] [1.0] [cxt 0] Bytes parsed: 14
[21:28:47.223] [bmv2] [D] [thread 3636] [1.0] [cxt 0] Parser 'parser': end
[21:28:47.223] [bmv2] [D] [thread 3636] [1.0] [cxt 0] Pipeline 'ingress': start
[21:28:47.223] [bmv2] [T] [thread 3636] [1.0] [cxt 0] basic.p4(115) Condition "hdr.ipv4.isValid()" (node_2) is false
[21:28:47.223] [bmv2] [D] [thread 3636] [1.0] [cxt 0] Pipeline 'ingress': end
[21:28:47.223] [bmv2] [D] [thread 3636] [1.0] [cxt 0] Egress port is 0
[21:28:47.227] [bmv2] [D] [thread 3637] [1.0] [cxt 0] Pipeline 'egress': start
[21:28:47.227] [bmv2] [D] [thread 3637] [1.0] [cxt 0] Pipeline 'egress': end
[21:28:47.227] [bmv2] [D] [thread 3637] [1.0] [cxt 0] Deparser 'deparser': start
[21:28:47.227] [bmv2] [T] [thread 3637] [1.0] [cxt 0] Skipping checksum 'cksum' update because condition not met
[21:28:47.227] [bmv2] [D] [thread 3637] [1.0] [cxt 0] Deparsing header 'ethernet'
[21:28:47.227] [bmv2] [D] [thread 3637] [1.0] [cxt 0] Deparser 'deparser': end
[21:28:47.228] [bmv2] [D] [thread 3641] [1.0] [cxt 0] Transmitting packet of size 208 out of port 0
[21:28:47.480] [bmv2] [D] [thread 3636] [2.0] [cxt 0] Processing packet received on port 2
[21:28:47.481] [bmv2] [D] [thread 3636] [2.0] [cxt 0] Parser 'parser': start
[21:28:47.481] [bmv2] [D] [thread 3636] [2.0] [cxt 0] Parser 'parser' entering state 'start'
[21:28:47.481] [bmv2] [D] [thread 3636] [2.0] [cxt 0] Extracting header 'ethernet'
[21:28:47.481] [bmv2] [D] [thread 3636] [2.0] [cxt 0] Parser state 'start': key is 86dd
[21:28:47.481] [bmv2] [T] [thread 3636] [2.0] [cxt 0] Bytes parsed: 14
[21:28:47.482] [bmv2] [D] [thread 3636] [2.0] [cxt 0] Parser 'parser': end
[21:28:47.482] [bmv2] [D] [thread 3636] [2.0] [cxt 0] Pipeline 'ingress': start
[21:28:47.482] [bmv2] [T] [thread 3636] [2.0] [cxt 0] basic.p4(115) Condition "hdr.ipv4.isValid()" (node_2) is false
[21:28:47.482] [bmv2] [D] [thread 3636] [2.0] [cxt 0] Pipeline 'ingress': end
[21:28:47.482] [bmv2] [D] [thread 3636] [2.0] [cxt 0] Egress port is 0
[21:28:47.490] [bmv2] [D] [thread 3637] [2.0] [cxt 0] Pipeline 'egress': start
[21:28:47.490] [bmv2] [D] [thread 3637] [2.0] [cxt 0] Pipeline 'egress': end
[21:28:47.490] [bmv2] [D] [thread 3637] [2.0] [cxt 0] Deparser 'deparser': start
[21:28:47.490] [bmv2] [T] [thread 3637] [2.0] [cxt 0] Skipping checksum 'cksum' update because condition not met
[21:28:47.490] [bmv2] [D] [thread 3637] [2.0] [cxt 0] Deparsing header 'ethernet'
[21:28:47.490] [bmv2] [D] [thread 3637] [2.0] [cxt 0] Deparser 'deparser': end
[21:28:47.492] [bmv2] [D] [thread 3641] [2.0] [cxt 0] Transmitting packet of size 208 out of port 0
[21:28:47.592] [bmv2] [D] [thread 3636] [3.0] [cxt 0] Processing packet received on port 2
[21:28:47.592] [bmv2] [D] [thread 3636] [3.0] [cxt 0] Parser 'parser': start
[21:28:47.592] [bmv2] [D] [thread 3636] [3.0] [cxt 0] Parser 'parser' entering state 'start'
[21:28:47.592] [bmv2] [D] [thread 3636] [3.0] [cxt 0] Extracting header 'ethernet'
[21:28:47.592] [bmv2] [D] [thread 3636] [3.0] [cxt 0] Parser state 'start': key is 86dd
[21:28:47.592] [bmv2] [T] [thread 3636] [3.0] [cxt 0] Bytes parsed: 14
[21:28:47.592] [bmv2] [D] [thread 3636] [3.0] [cxt 0] Parser 'parser': end
[21:28:47.592] [bmv2] [D] [thread 3636] [3.0] [cxt 0] Pipeline 'ingress': start
[21:28:47.592] [bmv2] [T] [thread 3636] [3.0] [cxt 0] basic.p4(115) Condition "hdr.ipv4.isValid()" (node_2) is false
[21:28:47.592] [bmv2] [D] [thread 3636] [3.0] [cxt 0] Pipeline 'ingress': end
[21:28:47.592] [bmv2] [D] [thread 3636] [3.0] [cxt 0] Egress port is 0
[21:28:47.594] [bmv2] [D] [thread 3637] [3.0] [cxt 0] Pipeline 'egress': start
[21:28:47.594] [bmv2] [D] [thread 3637] [3.0] [cxt 0] Pipeline 'egress': end
[21:28:47.594] [bmv2] [D] [thread 3637] [3.0] [cxt 0] Deparser 'deparser': start
[21:28:47.594] [bmv2] [T] [thread 3637] [3.0] [cxt 0] Skipping checksum 'cksum' update because condition not met
[21:28:47.594] [bmv2] [D] [thread 3637] [3.0] [cxt 0] Deparsing header 'ethernet'
[21:28:47.594] [bmv2] [D] [thread 3637] [3.0] [cxt 0] Deparser 'deparser': end
[21:28:47.594] [bmv2] [D] [thread 3641] [3.0] [cxt 0] Transmitting packet of size 70 out of port 0
[21:28:47.975] [bmv2] [D] [thread 3636] [4.0] [cxt 0] Processing packet received on port 1
[21:28:47.978] [bmv2] [D] [thread 3636] [4.0] [cxt 0] Parser 'parser': start
[21:28:47.978] [bmv2] [D] [thread 3636] [4.0] [cxt 0] Parser 'parser' entering state 'start'
[21:28:47.978] [bmv2] [D] [thread 3636] [4.0] [cxt 0] Extracting header 'ethernet'
[21:28:47.979] [bmv2] [D] [thread 3636] [4.0] [cxt 0] Parser state 'start': key is 86dd
[21:28:47.979] [bmv2] [T] [thread 3636] [4.0] [cxt 0] Bytes parsed: 14
[21:28:47.979] [bmv2] [D] [thread 3636] [4.0] [cxt 0] Parser 'parser': end
[21:28:47.979] [bmv2] [D] [thread 3636] [4.0] [cxt 0] Pipeline 'ingress': start
[21:28:47.979] [bmv2] [T] [thread 3636] [4.0] [cxt 0] basic.p4(115) Condition "hdr.ipv4.isValid()" (node_2) is false
[21:28:47.979] [bmv2] [D] [thread 3636] [4.0] [cxt 0] Pipeline 'ingress': end
[21:28:47.979] [bmv2] [D] [thread 3636] [4.0] [cxt 0] Egress port is 0
[21:28:47.979] [bmv2] [D] [thread 3636] [5.0] [cxt 0] Processing packet received on port 2
[21:28:47.979] [bmv2] [D] [thread 3636] [5.0] [cxt 0] Parser 'parser': start
[21:28:47.979] [bmv2] [D] [thread 3636] [5.0] [cxt 0] Parser 'parser' entering state 'start'
[21:28:47.979] [bmv2] [D] [thread 3636] [5.0] [cxt 0] Extracting header 'ethernet'
[21:28:47.979] [bmv2] [D] [thread 3636] [5.0] [cxt 0] Parser state 'start': key is 86dd
[21:28:47.979] [bmv2] [T] [thread 3636] [5.0] [cxt 0] Bytes parsed: 14
[21:28:47.979] [bmv2] [D] [thread 3636] [5.0] [cxt 0] Parser 'parser': end
[21:28:47.979] [bmv2] [D] [thread 3636] [5.0] [cxt 0] Pipeline 'ingress': start
[21:28:47.979] [bmv2] [T] [thread 3636] [5.0] [cxt 0] basic.p4(115) Condition "hdr.ipv4.isValid()" (node_2) is false
[21:28:47.979] [bmv2] [D] [thread 3636] [5.0] [cxt 0] Pipeline 'ingress': end
[21:28:47.979] [bmv2] [D] [thread 3636] [5.0] [cxt 0] Egress port is 0
[21:28:47.980] [bmv2] [D] [thread 3637] [4.0] [cxt 0] Pipeline 'egress': start
[21:28:47.980] [bmv2] [D] [thread 3637] [4.0] [cxt 0] Pipeline 'egress': end
[21:28:47.980] [bmv2] [D] [thread 3637] [4.0] [cxt 0] Deparser 'deparser': start
[21:28:47.980] [bmv2] [T] [thread 3637] [4.0] [cxt 0] Skipping checksum 'cksum' update because condition not met
[21:28:47.980] [bmv2] [D] [thread 3637] [4.0] [cxt 0] Deparsing header 'ethernet'
[21:28:47.980] [bmv2] [D] [thread 3637] [4.0] [cxt 0] Deparser 'deparser': end
[21:28:47.981] [bmv2] [D] [thread 3637] [5.0] [cxt 0] Pipeline 'egress': start
[21:28:47.981] [bmv2] [D] [thread 3637] [5.0] [cxt 0] Pipeline 'egress': end
[21:28:47.981] [bmv2] [D] [thread 3637] [5.0] [cxt 0] Deparser 'deparser': start
[21:28:47.981] [bmv2] [T] [thread 3637] [5.0] [cxt 0] Skipping checksum 'cksum' update because condition not met
[21:28:47.981] [bmv2] [D] [thread 3641] [4.0] [cxt 0] Transmitting packet of size 70 out of port 0
[21:28:47.981] [bmv2] [D] [thread 3637] [5.0] [cxt 0] Deparsing header 'ethernet'
[21:28:47.981] [bmv2] [D] [thread 3637] [5.0] [cxt 0] Deparser 'deparser': end
[21:28:47.982] [bmv2] [D] [thread 3641] [5.0] [cxt 0] Transmitting packet of size 70 out of port 0
[21:28:49.843] [bmv2] [D] [thread 3636] [6.0] [cxt 0] Processing packet received on port 1
[21:28:49.843] [bmv2] [D] [thread 3636] [6.0] [cxt 0] Parser 'parser': start
[21:28:49.843] [bmv2] [D] [thread 3636] [6.0] [cxt 0] Parser 'parser' entering state 'start'
[21:28:49.843] [bmv2] [D] [thread 3636] [6.0] [cxt 0] Extracting header 'ethernet'
[21:28:49.843] [bmv2] [D] [thread 3636] [6.0] [cxt 0] Parser state 'start': key is 86dd
[21:28:49.843] [bmv2] [T] [thread 3636] [6.0] [cxt 0] Bytes parsed: 14
[21:28:49.843] [bmv2] [D] [thread 3636] [6.0] [cxt 0] Parser 'parser': end
[21:28:49.843] [bmv2] [D] [thread 3636] [6.0] [cxt 0] Pipeline 'ingress': start
[21:28:49.843] [bmv2] [T] [thread 3636] [6.0] [cxt 0] basic.p4(115) Condition "hdr.ipv4.isValid()" (node_2) is false
[21:28:49.843] [bmv2] [D] [thread 3636] [6.0] [cxt 0] Pipeline 'ingress': end
[21:28:49.843] [bmv2] [D] [thread 3636] [6.0] [cxt 0] Egress port is 0
[21:28:49.844] [bmv2] [D] [thread 3637] [6.0] [cxt 0] Pipeline 'egress': start
[21:28:49.844] [bmv2] [D] [thread 3637] [6.0] [cxt 0] Pipeline 'egress': end
[21:28:49.844] [bmv2] [D] [thread 3637] [6.0] [cxt 0] Deparser 'deparser': start
[21:28:49.844] [bmv2] [T] [thread 3637] [6.0] [cxt 0] Skipping checksum 'cksum' update because condition not met
[21:28:49.845] [bmv2] [D] [thread 3637] [6.0] [cxt 0] Deparsing header 'ethernet'
[21:28:49.845] [bmv2] [D] [thread 3637] [6.0] [cxt 0] Deparser 'deparser': end
[21:28:49.845] [bmv2] [D] [thread 3641] [6.0] [cxt 0] Transmitting packet of size 107 out of port 0
[21:28:49.907] [bmv2] [W] [thread 3746] [P4Runtime] p4::tmp::P4DeviceConfig is deprecated
[21:28:49.915] [bmv2] [D] [thread 3746] Set default default entry for table 'MyIngress.ipv4_lpm': MyIngress.drop - 
[21:28:49.925] [bmv2] [D] [thread 3746] simple_switch target has been notified of a config swap
[21:28:49.952] [bmv2] [D] [thread 3747] Set default entry for table 'MyIngress.ipv4_lpm': MyIngress.drop - 
[21:28:49.982] [bmv2] [D] [thread 3746] Entry 0 added to table 'MyIngress.ipv4_lpm'
[21:28:49.982] [bmv2] [D] [thread 3746] Dumping entry 0
Match key:
* hdr.ipv4.dstAddr    : LPM       0a000101/32
Action entry: MyIngress.ipv4_forward - 80000000100,1,

[21:28:49.990] [bmv2] [D] [thread 3747] Entry 1 added to table 'MyIngress.ipv4_lpm'
[21:28:49.992] [bmv2] [D] [thread 3747] Dumping entry 1
Match key:
* hdr.ipv4.dstAddr    : LPM       0a000202/32
Action entry: MyIngress.ipv4_forward - 80000000100,1,

[21:28:50.004] [bmv2] [D] [thread 3746] Entry 2 added to table 'MyIngress.ipv4_lpm'
[21:28:50.007] [bmv2] [D] [thread 3746] Dumping entry 2
Match key:
* hdr.ipv4.dstAddr    : LPM       0a000303/32
Action entry: MyIngress.ipv4_forward - 80000000200,2,

[21:28:50.045] [bmv2] [D] [thread 3747] Entry 3 added to table 'MyIngress.ipv4_lpm'
[21:28:50.045] [bmv2] [D] [thread 3747] Dumping entry 3
Match key:
* hdr.ipv4.dstAddr    : LPM       0a000404/32
Action entry: MyIngress.ipv4_forward - 80000000200,2,

[21:28:50.517] [bmv2] [D] [thread 3636] [7.0] [cxt 0] Processing packet received on port 1
[21:28:50.517] [bmv2] [D] [thread 3636] [7.0] [cxt 0] Parser 'parser': start
[21:28:50.517] [bmv2] [D] [thread 3636] [7.0] [cxt 0] Parser 'parser' entering state 'start'
[21:28:50.517] [bmv2] [D] [thread 3636] [7.0] [cxt 0] Extracting header 'ethernet'
[21:28:50.517] [bmv2] [D] [thread 3636] [7.0] [cxt 0] Parser state 'start': key is 86dd
[21:28:50.517] [bmv2] [T] [thread 3636] [7.0] [cxt 0] Bytes parsed: 14
[21:28:50.517] [bmv2] [D] [thread 3636] [7.0] [cxt 0] Parser 'parser': end
[21:28:50.518] [bmv2] [D] [thread 3636] [7.0] [cxt 0] Pipeline 'ingress': start
[21:28:50.518] [bmv2] [T] [thread 3636] [7.0] [cxt 0] basic.p4(115) Condition "hdr.ipv4.isValid()" (node_2) is false
[21:28:50.518] [bmv2] [D] [thread 3636] [7.0] [cxt 0] Pipeline 'ingress': end
[21:28:50.518] [bmv2] [D] [thread 3636] [7.0] [cxt 0] Egress port is 0
[21:28:50.519] [bmv2] [D] [thread 3637] [7.0] [cxt 0] Pipeline 'egress': start
[21:28:50.519] [bmv2] [D] [thread 3637] [7.0] [cxt 0] Pipeline 'egress': end
[21:28:50.519] [bmv2] [D] [thread 3637] [7.0] [cxt 0] Deparser 'deparser': start
[21:28:50.519] [bmv2] [T] [thread 3637] [7.0] [cxt 0] Skipping checksum 'cksum' update because condition not met
[21:28:50.519] [bmv2] [D] [thread 3637] [7.0] [cxt 0] Deparsing header 'ethernet'
[21:28:50.519] [bmv2] [D] [thread 3637] [7.0] [cxt 0] Deparser 'deparser': end
[21:28:50.520] [bmv2] [D] [thread 3641] [7.0] [cxt 0] Transmitting packet of size 107 out of port 0
[21:28:50.542] [bmv2] [D] [thread 3636] [8.0] [cxt 0] Processing packet received on port 2
[21:28:50.542] [bmv2] [D] [thread 3636] [8.0] [cxt 0] Parser 'parser': start
[21:28:50.542] [bmv2] [D] [thread 3636] [8.0] [cxt 0] Parser 'parser' entering state 'start'
[21:28:50.542] [bmv2] [D] [thread 3636] [8.0] [cxt 0] Extracting header 'ethernet'
[21:28:50.542] [bmv2] [D] [thread 3636] [8.0] [cxt 0] Parser state 'start': key is 86dd
[21:28:50.542] [bmv2] [T] [thread 3636] [8.0] [cxt 0] Bytes parsed: 14
[21:28:50.542] [bmv2] [D] [thread 3636] [8.0] [cxt 0] Parser 'parser': end
[21:28:50.542] [bmv2] [D] [thread 3636] [8.0] [cxt 0] Pipeline 'ingress': start
[21:28:50.542] [bmv2] [T] [thread 3636] [8.0] [cxt 0] basic.p4(115) Condition "hdr.ipv4.isValid()" (node_2) is false
[21:28:50.542] [bmv2] [D] [thread 3636] [8.0] [cxt 0] Pipeline 'ingress': end
[21:28:50.542] [bmv2] [D] [thread 3636] [8.0] [cxt 0] Egress port is 0
[21:28:50.580] [bmv2] [D] [thread 3637] [8.0] [cxt 0] Pipeline 'egress': start
[21:28:50.580] [bmv2] [D] [thread 3637] [8.0] [cxt 0] Pipeline 'egress': end
[21:28:50.580] [bmv2] [D] [thread 3637] [8.0] [cxt 0] Deparser 'deparser': start
[21:28:50.580] [bmv2] [T] [thread 3637] [8.0] [cxt 0] Skipping checksum 'cksum' update because condition not met
[21:28:50.580] [bmv2] [D] [thread 3637] [8.0] [cxt 0] Deparsing header 'ethernet'
[21:28:50.580] [bmv2] [D] [thread 3637] [8.0] [cxt 0] Deparser 'deparser': end
[21:28:50.599] [bmv2] [D] [thread 3641] [8.0] [cxt 0] Transmitting packet of size 107 out of port 0
[21:28:50.805] [bmv2] [D] [thread 3636] [9.0] [cxt 0] Processing packet received on port 2
[21:28:50.805] [bmv2] [D] [thread 3636] [9.0] [cxt 0] Parser 'parser': start
[21:28:50.805] [bmv2] [D] [thread 3636] [9.0] [cxt 0] Parser 'parser' entering state 'start'
[21:28:50.805] [bmv2] [D] [thread 3636] [9.0] [cxt 0] Extracting header 'ethernet'
[21:28:50.805] [bmv2] [D] [thread 3636] [9.0] [cxt 0] Parser state 'start': key is 86dd
[21:28:50.805] [bmv2] [T] [thread 3636] [9.0] [cxt 0] Bytes parsed: 14
[21:28:50.805] [bmv2] [D] [thread 3636] [9.0] [cxt 0] Parser 'parser': end
[21:28:50.805] [bmv2] [D] [thread 3636] [9.0] [cxt 0] Pipeline 'ingress': start
[21:28:50.806] [bmv2] [T] [thread 3636] [9.0] [cxt 0] basic.p4(115) Condition "hdr.ipv4.isValid()" (node_2) is false
[21:28:50.806] [bmv2] [D] [thread 3636] [9.0] [cxt 0] Pipeline 'ingress': end
[21:28:50.806] [bmv2] [D] [thread 3636] [9.0] [cxt 0] Egress port is 0
[21:28:50.807] [bmv2] [D] [thread 3637] [9.0] [cxt 0] Pipeline 'egress': start
[21:28:50.807] [bmv2] [D] [thread 3637] [9.0] [cxt 0] Pipeline 'egress': end
[21:28:50.807] [bmv2] [D] [thread 3637] [9.0] [cxt 0] Deparser 'deparser': start
[21:28:50.807] [bmv2] [T] [thread 3637] [9.0] [cxt 0] Skipping checksum 'cksum' update because condition not met
[21:28:50.807] [bmv2] [D] [thread 3637] [9.0] [cxt 0] Deparsing header 'ethernet'
[21:28:50.807] [bmv2] [D] [thread 3637] [9.0] [cxt 0] Deparser 'deparser': end
[21:28:50.810] [bmv2] [D] [thread 3641] [9.0] [cxt 0] Transmitting packet of size 107 out of port 0
[21:28:54.629] [bmv2] [D] [thread 3636] [10.0] [cxt 0] Processing packet received on port 1
[21:28:54.629] [bmv2] [D] [thread 3636] [10.0] [cxt 0] Parser 'parser': start
[21:28:54.629] [bmv2] [D] [thread 3636] [10.0] [cxt 0] Parser 'parser' entering state 'start'
[21:28:54.629] [bmv2] [D] [thread 3636] [10.0] [cxt 0] Extracting header 'ethernet'
[21:28:54.629] [bmv2] [D] [thread 3636] [10.0] [cxt 0] Parser state 'start': key is 86dd
[21:28:54.629] [bmv2] [T] [thread 3636] [10.0] [cxt 0] Bytes parsed: 14
[21:28:54.629] [bmv2] [D] [thread 3636] [10.0] [cxt 0] Parser 'parser': end
[21:28:54.629] [bmv2] [D] [thread 3636] [10.0] [cxt 0] Pipeline 'ingress': start
[21:28:54.629] [bmv2] [T] [thread 3636] [10.0] [cxt 0] basic.p4(115) Condition "hdr.ipv4.isValid()" (node_2) is false
[21:28:54.629] [bmv2] [D] [thread 3636] [10.0] [cxt 0] Pipeline 'ingress': end
[21:28:54.629] [bmv2] [D] [thread 3636] [10.0] [cxt 0] Egress port is 0
[21:28:54.640] [bmv2] [D] [thread 3637] [10.0] [cxt 0] Pipeline 'egress': start
[21:28:54.640] [bmv2] [D] [thread 3637] [10.0] [cxt 0] Pipeline 'egress': end
[21:28:54.640] [bmv2] [D] [thread 3637] [10.0] [cxt 0] Deparser 'deparser': start
[21:28:54.640] [bmv2] [T] [thread 3637] [10.0] [cxt 0] Skipping checksum 'cksum' update because condition not met
[21:28:54.640] [bmv2] [D] [thread 3637] [10.0] [cxt 0] Deparsing header 'ethernet'
[21:28:54.640] [bmv2] [D] [thread 3637] [10.0] [cxt 0] Deparser 'deparser': end
[21:28:54.645] [bmv2] [D] [thread 3641] [10.0] [cxt 0] Transmitting packet of size 70 out of port 0
[21:28:55.667] [bmv2] [D] [thread 3636] [11.0] [cxt 0] Processing packet received on port 2
[21:28:55.667] [bmv2] [D] [thread 3636] [11.0] [cxt 0] Parser 'parser': start
[21:28:55.667] [bmv2] [D] [thread 3636] [11.0] [cxt 0] Parser 'parser' entering state 'start'
[21:28:55.667] [bmv2] [D] [thread 3636] [11.0] [cxt 0] Extracting header 'ethernet'
[21:28:55.671] [bmv2] [D] [thread 3636] [11.0] [cxt 0] Parser state 'start': key is 86dd
[21:28:55.672] [bmv2] [T] [thread 3636] [11.0] [cxt 0] Bytes parsed: 14
[21:28:55.672] [bmv2] [D] [thread 3636] [11.0] [cxt 0] Parser 'parser': end
[21:28:55.672] [bmv2] [D] [thread 3636] [11.0] [cxt 0] Pipeline 'ingress': start
[21:28:55.672] [bmv2] [T] [thread 3636] [11.0] [cxt 0] basic.p4(115) Condition "hdr.ipv4.isValid()" (node_2) is false
[21:28:55.672] [bmv2] [D] [thread 3636] [11.0] [cxt 0] Pipeline 'ingress': end
[21:28:55.672] [bmv2] [D] [thread 3636] [11.0] [cxt 0] Egress port is 0
[21:28:55.673] [bmv2] [D] [thread 3637] [11.0] [cxt 0] Pipeline 'egress': start
[21:28:55.673] [bmv2] [D] [thread 3637] [11.0] [cxt 0] Pipeline 'egress': end
[21:28:55.675] [bmv2] [D] [thread 3637] [11.0] [cxt 0] Deparser 'deparser': start
[21:28:55.675] [bmv2] [T] [thread 3637] [11.0] [cxt 0] Skipping checksum 'cksum' update because condition not met
[21:28:55.675] [bmv2] [D] [thread 3637] [11.0] [cxt 0] Deparsing header 'ethernet'
[21:28:55.675] [bmv2] [D] [thread 3637] [11.0] [cxt 0] Deparser 'deparser': end
[21:28:55.678] [bmv2] [D] [thread 3641] [11.0] [cxt 0] Transmitting packet of size 70 out of port 0
[21:28:56.678] [bmv2] [D] [thread 3636] [12.0] [cxt 0] Processing packet received on port 2
[21:28:56.679] [bmv2] [D] [thread 3636] [12.0] [cxt 0] Parser 'parser': start
[21:28:56.679] [bmv2] [D] [thread 3636] [12.0] [cxt 0] Parser 'parser' entering state 'start'
[21:28:56.679] [bmv2] [D] [thread 3636] [12.0] [cxt 0] Extracting header 'ethernet'
[21:28:56.679] [bmv2] [D] [thread 3636] [12.0] [cxt 0] Parser state 'start': key is 86dd
[21:28:56.679] [bmv2] [T] [thread 3636] [12.0] [cxt 0] Bytes parsed: 14
[21:28:56.679] [bmv2] [D] [thread 3636] [12.0] [cxt 0] Parser 'parser': end
[21:28:56.679] [bmv2] [D] [thread 3636] [12.0] [cxt 0] Pipeline 'ingress': start
[21:28:56.679] [bmv2] [T] [thread 3636] [12.0] [cxt 0] basic.p4(115) Condition "hdr.ipv4.isValid()" (node_2) is false
[21:28:56.679] [bmv2] [D] [thread 3636] [12.0] [cxt 0] Pipeline 'ingress': end
[21:28:56.679] [bmv2] [D] [thread 3636] [12.0] [cxt 0] Egress port is 0
[21:28:56.680] [bmv2] [D] [thread 3636] [13.0] [cxt 0] Processing packet received on port 1
[21:28:56.682] [bmv2] [D] [thread 3637] [12.0] [cxt 0] Pipeline 'egress': start
[21:28:56.682] [bmv2] [D] [thread 3637] [12.0] [cxt 0] Pipeline 'egress': end
[21:28:56.682] [bmv2] [D] [thread 3637] [12.0] [cxt 0] Deparser 'deparser': start
[21:28:56.682] [bmv2] [T] [thread 3637] [12.0] [cxt 0] Skipping checksum 'cksum' update because condition not met
[21:28:56.682] [bmv2] [D] [thread 3637] [12.0] [cxt 0] Deparsing header 'ethernet'
[21:28:56.682] [bmv2] [D] [thread 3637] [12.0] [cxt 0] Deparser 'deparser': end
[21:28:56.682] [bmv2] [D] [thread 3636] [13.0] [cxt 0] Parser 'parser': start
[21:28:56.682] [bmv2] [D] [thread 3636] [13.0] [cxt 0] Parser 'parser' entering state 'start'
[21:28:56.682] [bmv2] [D] [thread 3636] [13.0] [cxt 0] Extracting header 'ethernet'
[21:28:56.682] [bmv2] [D] [thread 3636] [13.0] [cxt 0] Parser state 'start': key is 86dd
[21:28:56.682] [bmv2] [T] [thread 3636] [13.0] [cxt 0] Bytes parsed: 14
[21:28:56.682] [bmv2] [D] [thread 3636] [13.0] [cxt 0] Parser 'parser': end
[21:28:56.682] [bmv2] [D] [thread 3636] [13.0] [cxt 0] Pipeline 'ingress': start
[21:28:56.682] [bmv2] [T] [thread 3636] [13.0] [cxt 0] basic.p4(115) Condition "hdr.ipv4.isValid()" (node_2) is false
[21:28:56.682] [bmv2] [D] [thread 3636] [13.0] [cxt 0] Pipeline 'ingress': end
[21:28:56.682] [bmv2] [D] [thread 3636] [13.0] [cxt 0] Egress port is 0
[21:28:56.682] [bmv2] [D] [thread 3637] [13.0] [cxt 0] Pipeline 'egress': start
[21:28:56.682] [bmv2] [D] [thread 3637] [13.0] [cxt 0] Pipeline 'egress': end
[21:28:56.682] [bmv2] [D] [thread 3637] [13.0] [cxt 0] Deparser 'deparser': start
[21:28:56.682] [bmv2] [T] [thread 3637] [13.0] [cxt 0] Skipping checksum 'cksum' update because condition not met
[21:28:56.682] [bmv2] [D] [thread 3637] [13.0] [cxt 0] Deparsing header 'ethernet'
[21:28:56.682] [bmv2] [D] [thread 3637] [13.0] [cxt 0] Deparser 'deparser': end
[21:28:56.683] [bmv2] [D] [thread 3641] [12.0] [cxt 0] Transmitting packet of size 70 out of port 0
[21:28:56.683] [bmv2] [D] [thread 3641] [13.0] [cxt 0] Transmitting packet of size 70 out of port 0
[21:28:57.843] [bmv2] [D] [thread 3636] [14.0] [cxt 0] Processing packet received on port 1
[21:28:57.844] [bmv2] [D] [thread 3636] [14.0] [cxt 0] Parser 'parser': start
[21:28:57.844] [bmv2] [D] [thread 3636] [14.0] [cxt 0] Parser 'parser' entering state 'start'
[21:28:57.844] [bmv2] [D] [thread 3636] [14.0] [cxt 0] Extracting header 'ethernet'
[21:28:57.844] [bmv2] [D] [thread 3636] [14.0] [cxt 0] Parser state 'start': key is 86dd
[21:28:57.844] [bmv2] [T] [thread 3636] [14.0] [cxt 0] Bytes parsed: 14
[21:28:57.844] [bmv2] [D] [thread 3636] [14.0] [cxt 0] Parser 'parser': end
[21:28:57.844] [bmv2] [D] [thread 3636] [14.0] [cxt 0] Pipeline 'ingress': start
[21:28:57.844] [bmv2] [T] [thread 3636] [14.0] [cxt 0] basic.p4(115) Condition "hdr.ipv4.isValid()" (node_2) is false
[21:28:57.844] [bmv2] [D] [thread 3636] [14.0] [cxt 0] Pipeline 'ingress': end
[21:28:57.844] [bmv2] [D] [thread 3636] [14.0] [cxt 0] Egress port is 0
[21:28:57.844] [bmv2] [D] [thread 3637] [14.0] [cxt 0] Pipeline 'egress': start
[21:28:57.844] [bmv2] [D] [thread 3637] [14.0] [cxt 0] Pipeline 'egress': end
[21:28:57.844] [bmv2] [D] [thread 3637] [14.0] [cxt 0] Deparser 'deparser': start
[21:28:57.844] [bmv2] [T] [thread 3637] [14.0] [cxt 0] Skipping checksum 'cksum' update because condition not met
[21:28:57.845] [bmv2] [D] [thread 3637] [14.0] [cxt 0] Deparsing header 'ethernet'
[21:28:57.845] [bmv2] [D] [thread 3637] [14.0] [cxt 0] Deparser 'deparser': end
[21:28:57.846] [bmv2] [D] [thread 3641] [14.0] [cxt 0] Transmitting packet of size 107 out of port 0
[21:28:58.509] [bmv2] [D] [thread 3636] [15.0] [cxt 0] Processing packet received on port 1
[21:28:58.509] [bmv2] [D] [thread 3636] [15.0] [cxt 0] Parser 'parser': start
[21:28:58.509] [bmv2] [D] [thread 3636] [15.0] [cxt 0] Parser 'parser' entering state 'start'
[21:28:58.509] [bmv2] [D] [thread 3636] [15.0] [cxt 0] Extracting header 'ethernet'
[21:28:58.509] [bmv2] [D] [thread 3636] [15.0] [cxt 0] Parser state 'start': key is 86dd
[21:28:58.509] [bmv2] [T] [thread 3636] [15.0] [cxt 0] Bytes parsed: 14
[21:28:58.509] [bmv2] [D] [thread 3636] [15.0] [cxt 0] Parser 'parser': end
[21:28:58.509] [bmv2] [D] [thread 3636] [15.0] [cxt 0] Pipeline 'ingress': start
[21:28:58.509] [bmv2] [T] [thread 3636] [15.0] [cxt 0] basic.p4(115) Condition "hdr.ipv4.isValid()" (node_2) is false
[21:28:58.509] [bmv2] [D] [thread 3636] [15.0] [cxt 0] Pipeline 'ingress': end
[21:28:58.509] [bmv2] [D] [thread 3636] [15.0] [cxt 0] Egress port is 0
[21:28:58.510] [bmv2] [D] [thread 3637] [15.0] [cxt 0] Pipeline 'egress': start
[21:28:58.510] [bmv2] [D] [thread 3637] [15.0] [cxt 0] Pipeline 'egress': end
[21:28:58.510] [bmv2] [D] [thread 3637] [15.0] [cxt 0] Deparser 'deparser': start
[21:28:58.510] [bmv2] [T] [thread 3637] [15.0] [cxt 0] Skipping checksum 'cksum' update because condition not met
[21:28:58.510] [bmv2] [D] [thread 3637] [15.0] [cxt 0] Deparsing header 'ethernet'
[21:28:58.510] [bmv2] [D] [thread 3637] [15.0] [cxt 0] Deparser 'deparser': end
[21:28:58.510] [bmv2] [D] [thread 3641] [15.0] [cxt 0] Transmitting packet of size 107 out of port 0
[21:28:58.553] [bmv2] [D] [thread 3636] [16.0] [cxt 0] Processing packet received on port 2
[21:28:58.553] [bmv2] [D] [thread 3636] [16.0] [cxt 0] Parser 'parser': start
[21:28:58.553] [bmv2] [D] [thread 3636] [16.0] [cxt 0] Parser 'parser' entering state 'start'
[21:28:58.553] [bmv2] [D] [thread 3636] [16.0] [cxt 0] Extracting header 'ethernet'
[21:28:58.553] [bmv2] [D] [thread 3636] [16.0] [cxt 0] Parser state 'start': key is 86dd
[21:28:58.553] [bmv2] [T] [thread 3636] [16.0] [cxt 0] Bytes parsed: 14
[21:28:58.553] [bmv2] [D] [thread 3636] [16.0] [cxt 0] Parser 'parser': end
[21:28:58.553] [bmv2] [D] [thread 3636] [16.0] [cxt 0] Pipeline 'ingress': start
[21:28:58.553] [bmv2] [T] [thread 3636] [16.0] [cxt 0] basic.p4(115) Condition "hdr.ipv4.isValid()" (node_2) is false
[21:28:58.553] [bmv2] [D] [thread 3636] [16.0] [cxt 0] Pipeline 'ingress': end
[21:28:58.553] [bmv2] [D] [thread 3636] [16.0] [cxt 0] Egress port is 0
[21:28:58.554] [bmv2] [D] [thread 3637] [16.0] [cxt 0] Pipeline 'egress': start
[21:28:58.554] [bmv2] [D] [thread 3637] [16.0] [cxt 0] Pipeline 'egress': end
[21:28:58.554] [bmv2] [D] [thread 3637] [16.0] [cxt 0] Deparser 'deparser': start
[21:28:58.554] [bmv2] [T] [thread 3637] [16.0] [cxt 0] Skipping checksum 'cksum' update because condition not met
[21:28:58.554] [bmv2] [D] [thread 3637] [16.0] [cxt 0] Deparsing header 'ethernet'
[21:28:58.554] [bmv2] [D] [thread 3637] [16.0] [cxt 0] Deparser 'deparser': end
[21:28:58.555] [bmv2] [D] [thread 3641] [16.0] [cxt 0] Transmitting packet of size 107 out of port 0
[21:28:58.815] [bmv2] [D] [thread 3636] [17.0] [cxt 0] Processing packet received on port 2
[21:28:58.815] [bmv2] [D] [thread 3636] [17.0] [cxt 0] Parser 'parser': start
[21:28:58.815] [bmv2] [D] [thread 3636] [17.0] [cxt 0] Parser 'parser' entering state 'start'
[21:28:58.815] [bmv2] [D] [thread 3636] [17.0] [cxt 0] Extracting header 'ethernet'
[21:28:58.815] [bmv2] [D] [thread 3636] [17.0] [cxt 0] Parser state 'start': key is 86dd
[21:28:58.815] [bmv2] [T] [thread 3636] [17.0] [cxt 0] Bytes parsed: 14
[21:28:58.815] [bmv2] [D] [thread 3636] [17.0] [cxt 0] Parser 'parser': end
[21:28:58.815] [bmv2] [D] [thread 3636] [17.0] [cxt 0] Pipeline 'ingress': start
[21:28:58.815] [bmv2] [T] [thread 3636] [17.0] [cxt 0] basic.p4(115) Condition "hdr.ipv4.isValid()" (node_2) is false
[21:28:58.815] [bmv2] [D] [thread 3636] [17.0] [cxt 0] Pipeline 'ingress': end
[21:28:58.815] [bmv2] [D] [thread 3636] [17.0] [cxt 0] Egress port is 0
[21:28:58.815] [bmv2] [D] [thread 3637] [17.0] [cxt 0] Pipeline 'egress': start
[21:28:58.815] [bmv2] [D] [thread 3637] [17.0] [cxt 0] Pipeline 'egress': end
[21:28:58.815] [bmv2] [D] [thread 3637] [17.0] [cxt 0] Deparser 'deparser': start
[21:28:58.815] [bmv2] [T] [thread 3637] [17.0] [cxt 0] Skipping checksum 'cksum' update because condition not met
[21:28:58.815] [bmv2] [D] [thread 3637] [17.0] [cxt 0] Deparsing header 'ethernet'
[21:28:58.815] [bmv2] [D] [thread 3637] [17.0] [cxt 0] Deparser 'deparser': end
[21:28:58.817] [bmv2] [D] [thread 3641] [17.0] [cxt 0] Transmitting packet of size 107 out of port 0
[21:29:03.174] [bmv2] [D] [thread 3636] [18.0] [cxt 0] Processing packet received on port 1
[21:29:03.174] [bmv2] [D] [thread 3636] [18.0] [cxt 0] Parser 'parser': start
[21:29:03.174] [bmv2] [D] [thread 3636] [18.0] [cxt 0] Parser 'parser' entering state 'start'
[21:29:03.174] [bmv2] [D] [thread 3636] [18.0] [cxt 0] Extracting header 'ethernet'
[21:29:03.174] [bmv2] [D] [thread 3636] [18.0] [cxt 0] Parser state 'start': key is 0800
[21:29:03.174] [bmv2] [T] [thread 3636] [18.0] [cxt 0] Bytes parsed: 14
[21:29:03.174] [bmv2] [D] [thread 3636] [18.0] [cxt 0] Parser 'parser' entering state 'parse_ipv4'
[21:29:03.175] [bmv2] [D] [thread 3636] [18.0] [cxt 0] Extracting header 'ipv4'
[21:29:03.175] [bmv2] [D] [thread 3636] [18.0] [cxt 0] Parser state 'parse_ipv4' has no switch, going to default next state
[21:29:03.175] [bmv2] [T] [thread 3636] [18.0] [cxt 0] Bytes parsed: 34
[21:29:03.175] [bmv2] [D] [thread 3636] [18.0] [cxt 0] Parser 'parser': end
[21:29:03.175] [bmv2] [D] [thread 3636] [18.0] [cxt 0] Pipeline 'ingress': start
[21:29:03.175] [bmv2] [T] [thread 3636] [18.0] [cxt 0] basic.p4(115) Condition "hdr.ipv4.isValid()" (node_2) is true
[21:29:03.175] [bmv2] [T] [thread 3636] [18.0] [cxt 0] Applying table 'MyIngress.ipv4_lpm'
[21:29:03.177] [bmv2] [D] [thread 3636] [18.0] [cxt 0] Looking up key:
* hdr.ipv4.dstAddr    : 0a000303

[21:29:03.178] [bmv2] [D] [thread 3636] [18.0] [cxt 0] Table 'MyIngress.ipv4_lpm': hit with handle 2
[21:29:03.178] [bmv2] [D] [thread 3636] [18.0] [cxt 0] Dumping entry 2
Match key:
* hdr.ipv4.dstAddr    : LPM       0a000303/32
Action entry: MyIngress.ipv4_forward - 80000000200,2,

[21:29:03.178] [bmv2] [D] [thread 3636] [18.0] [cxt 0] Action entry is MyIngress.ipv4_forward - 80000000200,2,
[21:29:03.178] [bmv2] [T] [thread 3636] [18.0] [cxt 0] Action MyIngress.ipv4_forward
[21:29:03.178] [bmv2] [T] [thread 3636] [18.0] [cxt 0] basic.p4(95) Primitive standard_metadata.egress_spec = port
[21:29:03.178] [bmv2] [T] [thread 3636] [18.0] [cxt 0] basic.p4(96) Primitive hdr.ethernet.srcAddr = hdr.ethernet.dstAddr
[21:29:03.178] [bmv2] [T] [thread 3636] [18.0] [cxt 0] basic.p4(97) Primitive hdr.ethernet.dstAddr = dstAddr
[21:29:03.178] [bmv2] [T] [thread 3636] [18.0] [cxt 0] basic.p4(98) Primitive hdr.ipv4.ttl = hdr.ipv4.ttl - 1
[21:29:03.178] [bmv2] [D] [thread 3636] [18.0] [cxt 0] Pipeline 'ingress': end
[21:29:03.178] [bmv2] [D] [thread 3636] [18.0] [cxt 0] Egress port is 2
[21:29:03.178] [bmv2] [D] [thread 3639] [18.0] [cxt 0] Pipeline 'egress': start
[21:29:03.178] [bmv2] [D] [thread 3639] [18.0] [cxt 0] Pipeline 'egress': end
[21:29:03.178] [bmv2] [D] [thread 3639] [18.0] [cxt 0] Deparser 'deparser': start
[21:29:03.178] [bmv2] [D] [thread 3639] [18.0] [cxt 0] Updating checksum 'cksum'
[21:29:03.179] [bmv2] [D] [thread 3639] [18.0] [cxt 0] Deparsing header 'ethernet'
[21:29:03.179] [bmv2] [D] [thread 3639] [18.0] [cxt 0] Deparsing header 'ipv4'
[21:29:03.179] [bmv2] [D] [thread 3639] [18.0] [cxt 0] Deparser 'deparser': end
[21:29:03.179] [bmv2] [D] [thread 3641] [18.0] [cxt 0] Transmitting packet of size 98 out of port 2
[21:29:03.201] [bmv2] [D] [thread 3636] [19.0] [cxt 0] Processing packet received on port 2
[21:29:03.202] [bmv2] [D] [thread 3636] [19.0] [cxt 0] Parser 'parser': start
[21:29:03.202] [bmv2] [D] [thread 3636] [19.0] [cxt 0] Parser 'parser' entering state 'start'
[21:29:03.202] [bmv2] [D] [thread 3636] [19.0] [cxt 0] Extracting header 'ethernet'
[21:29:03.202] [bmv2] [D] [thread 3636] [19.0] [cxt 0] Parser state 'start': key is 0800
[21:29:03.202] [bmv2] [T] [thread 3636] [19.0] [cxt 0] Bytes parsed: 14
[21:29:03.202] [bmv2] [D] [thread 3636] [19.0] [cxt 0] Parser 'parser' entering state 'parse_ipv4'
[21:29:03.202] [bmv2] [D] [thread 3636] [19.0] [cxt 0] Extracting header 'ipv4'
[21:29:03.202] [bmv2] [D] [thread 3636] [19.0] [cxt 0] Parser state 'parse_ipv4' has no switch, going to default next state
[21:29:03.202] [bmv2] [T] [thread 3636] [19.0] [cxt 0] Bytes parsed: 34
[21:29:03.202] [bmv2] [D] [thread 3636] [19.0] [cxt 0] Parser 'parser': end
[21:29:03.202] [bmv2] [D] [thread 3636] [19.0] [cxt 0] Pipeline 'ingress': start
[21:29:03.202] [bmv2] [T] [thread 3636] [19.0] [cxt 0] basic.p4(115) Condition "hdr.ipv4.isValid()" (node_2) is true
[21:29:03.202] [bmv2] [T] [thread 3636] [19.0] [cxt 0] Applying table 'MyIngress.ipv4_lpm'
[21:29:03.202] [bmv2] [D] [thread 3636] [19.0] [cxt 0] Looking up key:
* hdr.ipv4.dstAddr    : 0a000101

[21:29:03.202] [bmv2] [D] [thread 3636] [19.0] [cxt 0] Table 'MyIngress.ipv4_lpm': hit with handle 0
[21:29:03.202] [bmv2] [D] [thread 3636] [19.0] [cxt 0] Dumping entry 0
Match key:
* hdr.ipv4.dstAddr    : LPM       0a000101/32
Action entry: MyIngress.ipv4_forward - 80000000100,1,

[21:29:03.202] [bmv2] [D] [thread 3636] [19.0] [cxt 0] Action entry is MyIngress.ipv4_forward - 80000000100,1,
[21:29:03.202] [bmv2] [T] [thread 3636] [19.0] [cxt 0] Action MyIngress.ipv4_forward
[21:29:03.202] [bmv2] [T] [thread 3636] [19.0] [cxt 0] basic.p4(95) Primitive standard_metadata.egress_spec = port
[21:29:03.202] [bmv2] [T] [thread 3636] [19.0] [cxt 0] basic.p4(96) Primitive hdr.ethernet.srcAddr = hdr.ethernet.dstAddr
[21:29:03.202] [bmv2] [T] [thread 3636] [19.0] [cxt 0] basic.p4(97) Primitive hdr.ethernet.dstAddr = dstAddr
[21:29:03.202] [bmv2] [T] [thread 3636] [19.0] [cxt 0] basic.p4(98) Primitive hdr.ipv4.ttl = hdr.ipv4.ttl - 1
[21:29:03.202] [bmv2] [D] [thread 3636] [19.0] [cxt 0] Pipeline 'ingress': end
[21:29:03.202] [bmv2] [D] [thread 3636] [19.0] [cxt 0] Egress port is 1
[21:29:03.203] [bmv2] [D] [thread 3638] [19.0] [cxt 0] Pipeline 'egress': start
[21:29:03.204] [bmv2] [D] [thread 3638] [19.0] [cxt 0] Pipeline 'egress': end
[21:29:03.204] [bmv2] [D] [thread 3638] [19.0] [cxt 0] Deparser 'deparser': start
[21:29:03.204] [bmv2] [D] [thread 3638] [19.0] [cxt 0] Updating checksum 'cksum'
[21:29:03.204] [bmv2] [D] [thread 3638] [19.0] [cxt 0] Deparsing header 'ethernet'
[21:29:03.204] [bmv2] [D] [thread 3638] [19.0] [cxt 0] Deparsing header 'ipv4'
[21:29:03.204] [bmv2] [D] [thread 3638] [19.0] [cxt 0] Deparser 'deparser': end
[21:29:03.205] [bmv2] [D] [thread 3641] [19.0] [cxt 0] Transmitting packet of size 98 out of port 1
[21:29:03.273] [bmv2] [D] [thread 3636] [20.0] [cxt 0] Processing packet received on port 2
[21:29:03.273] [bmv2] [D] [thread 3636] [20.0] [cxt 0] Parser 'parser': start
[21:29:03.273] [bmv2] [D] [thread 3636] [20.0] [cxt 0] Parser 'parser' entering state 'start'
[21:29:03.273] [bmv2] [D] [thread 3636] [20.0] [cxt 0] Extracting header 'ethernet'
[21:29:03.273] [bmv2] [D] [thread 3636] [20.0] [cxt 0] Parser state 'start': key is 0800
[21:29:03.273] [bmv2] [T] [thread 3636] [20.0] [cxt 0] Bytes parsed: 14
[21:29:03.273] [bmv2] [D] [thread 3636] [20.0] [cxt 0] Parser 'parser' entering state 'parse_ipv4'
[21:29:03.273] [bmv2] [D] [thread 3636] [20.0] [cxt 0] Extracting header 'ipv4'
[21:29:03.273] [bmv2] [D] [thread 3636] [20.0] [cxt 0] Parser state 'parse_ipv4' has no switch, going to default next state
[21:29:03.273] [bmv2] [T] [thread 3636] [20.0] [cxt 0] Bytes parsed: 34
[21:29:03.273] [bmv2] [D] [thread 3636] [20.0] [cxt 0] Parser 'parser': end
[21:29:03.273] [bmv2] [D] [thread 3636] [20.0] [cxt 0] Pipeline 'ingress': start
[21:29:03.273] [bmv2] [T] [thread 3636] [20.0] [cxt 0] basic.p4(115) Condition "hdr.ipv4.isValid()" (node_2) is true
[21:29:03.273] [bmv2] [T] [thread 3636] [20.0] [cxt 0] Applying table 'MyIngress.ipv4_lpm'
[21:29:03.273] [bmv2] [D] [thread 3636] [20.0] [cxt 0] Looking up key:
* hdr.ipv4.dstAddr    : 0a000101

[21:29:03.273] [bmv2] [D] [thread 3636] [20.0] [cxt 0] Table 'MyIngress.ipv4_lpm': hit with handle 0
[21:29:03.273] [bmv2] [D] [thread 3636] [20.0] [cxt 0] Dumping entry 0
Match key:
* hdr.ipv4.dstAddr    : LPM       0a000101/32
Action entry: MyIngress.ipv4_forward - 80000000100,1,

[21:29:03.273] [bmv2] [D] [thread 3636] [20.0] [cxt 0] Action entry is MyIngress.ipv4_forward - 80000000100,1,
[21:29:03.273] [bmv2] [T] [thread 3636] [20.0] [cxt 0] Action MyIngress.ipv4_forward
[21:29:03.273] [bmv2] [T] [thread 3636] [20.0] [cxt 0] basic.p4(95) Primitive standard_metadata.egress_spec = port
[21:29:03.273] [bmv2] [T] [thread 3636] [20.0] [cxt 0] basic.p4(96) Primitive hdr.ethernet.srcAddr = hdr.ethernet.dstAddr
[21:29:03.273] [bmv2] [T] [thread 3636] [20.0] [cxt 0] basic.p4(97) Primitive hdr.ethernet.dstAddr = dstAddr
[21:29:03.273] [bmv2] [T] [thread 3636] [20.0] [cxt 0] basic.p4(98) Primitive hdr.ipv4.ttl = hdr.ipv4.ttl - 1
[21:29:03.273] [bmv2] [D] [thread 3636] [20.0] [cxt 0] Pipeline 'ingress': end
[21:29:03.273] [bmv2] [D] [thread 3636] [20.0] [cxt 0] Egress port is 1
[21:29:03.275] [bmv2] [D] [thread 3638] [20.0] [cxt 0] Pipeline 'egress': start
[21:29:03.275] [bmv2] [D] [thread 3638] [20.0] [cxt 0] Pipeline 'egress': end
[21:29:03.275] [bmv2] [D] [thread 3638] [20.0] [cxt 0] Deparser 'deparser': start
[21:29:03.275] [bmv2] [D] [thread 3638] [20.0] [cxt 0] Updating checksum 'cksum'
[21:29:03.275] [bmv2] [D] [thread 3638] [20.0] [cxt 0] Deparsing header 'ethernet'
[21:29:03.275] [bmv2] [D] [thread 3638] [20.0] [cxt 0] Deparsing header 'ipv4'
[21:29:03.275] [bmv2] [D] [thread 3638] [20.0] [cxt 0] Deparser 'deparser': end
[21:29:03.276] [bmv2] [D] [thread 3641] [20.0] [cxt 0] Transmitting packet of size 98 out of port 1
[21:29:03.402] [bmv2] [D] [thread 3636] [21.0] [cxt 0] Processing packet received on port 1
[21:29:03.408] [bmv2] [D] [thread 3636] [21.0] [cxt 0] Parser 'parser': start
[21:29:03.408] [bmv2] [D] [thread 3636] [21.0] [cxt 0] Parser 'parser' entering state 'start'
[21:29:03.408] [bmv2] [D] [thread 3636] [21.0] [cxt 0] Extracting header 'ethernet'
[21:29:03.408] [bmv2] [D] [thread 3636] [21.0] [cxt 0] Parser state 'start': key is 0800
[21:29:03.408] [bmv2] [T] [thread 3636] [21.0] [cxt 0] Bytes parsed: 14
[21:29:03.408] [bmv2] [D] [thread 3636] [21.0] [cxt 0] Parser 'parser' entering state 'parse_ipv4'
[21:29:03.408] [bmv2] [D] [thread 3636] [21.0] [cxt 0] Extracting header 'ipv4'
[21:29:03.408] [bmv2] [D] [thread 3636] [21.0] [cxt 0] Parser state 'parse_ipv4' has no switch, going to default next state
[21:29:03.408] [bmv2] [T] [thread 3636] [21.0] [cxt 0] Bytes parsed: 34
[21:29:03.409] [bmv2] [D] [thread 3636] [21.0] [cxt 0] Parser 'parser': end
[21:29:03.409] [bmv2] [D] [thread 3636] [21.0] [cxt 0] Pipeline 'ingress': start
[21:29:03.409] [bmv2] [T] [thread 3636] [21.0] [cxt 0] basic.p4(115) Condition "hdr.ipv4.isValid()" (node_2) is true
[21:29:03.409] [bmv2] [T] [thread 3636] [21.0] [cxt 0] Applying table 'MyIngress.ipv4_lpm'
[21:29:03.409] [bmv2] [D] [thread 3636] [21.0] [cxt 0] Looking up key:
* hdr.ipv4.dstAddr    : 0a000303

[21:29:03.409] [bmv2] [D] [thread 3636] [21.0] [cxt 0] Table 'MyIngress.ipv4_lpm': hit with handle 2
[21:29:03.409] [bmv2] [D] [thread 3636] [21.0] [cxt 0] Dumping entry 2
Match key:
* hdr.ipv4.dstAddr    : LPM       0a000303/32
Action entry: MyIngress.ipv4_forward - 80000000200,2,

[21:29:03.409] [bmv2] [D] [thread 3636] [21.0] [cxt 0] Action entry is MyIngress.ipv4_forward - 80000000200,2,
[21:29:03.409] [bmv2] [T] [thread 3636] [21.0] [cxt 0] Action MyIngress.ipv4_forward
[21:29:03.409] [bmv2] [T] [thread 3636] [21.0] [cxt 0] basic.p4(95) Primitive standard_metadata.egress_spec = port
[21:29:03.409] [bmv2] [T] [thread 3636] [21.0] [cxt 0] basic.p4(96) Primitive hdr.ethernet.srcAddr = hdr.ethernet.dstAddr
[21:29:03.409] [bmv2] [T] [thread 3636] [21.0] [cxt 0] basic.p4(97) Primitive hdr.ethernet.dstAddr = dstAddr
[21:29:03.409] [bmv2] [T] [thread 3636] [21.0] [cxt 0] basic.p4(98) Primitive hdr.ipv4.ttl = hdr.ipv4.ttl - 1
[21:29:03.409] [bmv2] [D] [thread 3636] [21.0] [cxt 0] Pipeline 'ingress': end
[21:29:03.409] [bmv2] [D] [thread 3636] [21.0] [cxt 0] Egress port is 2
[21:29:03.410] [bmv2] [D] [thread 3639] [21.0] [cxt 0] Pipeline 'egress': start
[21:29:03.410] [bmv2] [D] [thread 3639] [21.0] [cxt 0] Pipeline 'egress': end
[21:29:03.410] [bmv2] [D] [thread 3639] [21.0] [cxt 0] Deparser 'deparser': start
[21:29:03.410] [bmv2] [D] [thread 3639] [21.0] [cxt 0] Updating checksum 'cksum'
[21:29:03.410] [bmv2] [D] [thread 3639] [21.0] [cxt 0] Deparsing header 'ethernet'
[21:29:03.410] [bmv2] [D] [thread 3639] [21.0] [cxt 0] Deparsing header 'ipv4'
[21:29:03.410] [bmv2] [D] [thread 3639] [21.0] [cxt 0] Deparser 'deparser': end
[21:29:03.410] [bmv2] [D] [thread 3641] [21.0] [cxt 0] Transmitting packet of size 98 out of port 2
[21:29:03.632] [bmv2] [D] [thread 3636] [22.0] [cxt 0] Processing packet received on port 2
[21:29:03.632] [bmv2] [D] [thread 3636] [22.0] [cxt 0] Parser 'parser': start
[21:29:03.632] [bmv2] [D] [thread 3636] [22.0] [cxt 0] Parser 'parser' entering state 'start'
[21:29:03.632] [bmv2] [D] [thread 3636] [22.0] [cxt 0] Extracting header 'ethernet'
[21:29:03.633] [bmv2] [D] [thread 3636] [22.0] [cxt 0] Parser state 'start': key is 0800
[21:29:03.633] [bmv2] [T] [thread 3636] [22.0] [cxt 0] Bytes parsed: 14
[21:29:03.633] [bmv2] [D] [thread 3636] [22.0] [cxt 0] Parser 'parser' entering state 'parse_ipv4'
[21:29:03.633] [bmv2] [D] [thread 3636] [22.0] [cxt 0] Extracting header 'ipv4'
[21:29:03.633] [bmv2] [D] [thread 3636] [22.0] [cxt 0] Parser state 'parse_ipv4' has no switch, going to default next state
[21:29:03.633] [bmv2] [T] [thread 3636] [22.0] [cxt 0] Bytes parsed: 34
[21:29:03.633] [bmv2] [D] [thread 3636] [22.0] [cxt 0] Parser 'parser': end
[21:29:03.633] [bmv2] [D] [thread 3636] [22.0] [cxt 0] Pipeline 'ingress': start
[21:29:03.633] [bmv2] [T] [thread 3636] [22.0] [cxt 0] basic.p4(115) Condition "hdr.ipv4.isValid()" (node_2) is true
[21:29:03.633] [bmv2] [T] [thread 3636] [22.0] [cxt 0] Applying table 'MyIngress.ipv4_lpm'
[21:29:03.633] [bmv2] [D] [thread 3636] [22.0] [cxt 0] Looking up key:
* hdr.ipv4.dstAddr    : 0a000101

[21:29:03.633] [bmv2] [D] [thread 3636] [22.0] [cxt 0] Table 'MyIngress.ipv4_lpm': hit with handle 0
[21:29:03.633] [bmv2] [D] [thread 3636] [22.0] [cxt 0] Dumping entry 0
Match key:
* hdr.ipv4.dstAddr    : LPM       0a000101/32
Action entry: MyIngress.ipv4_forward - 80000000100,1,

[21:29:03.633] [bmv2] [D] [thread 3636] [22.0] [cxt 0] Action entry is MyIngress.ipv4_forward - 80000000100,1,
[21:29:03.633] [bmv2] [T] [thread 3636] [22.0] [cxt 0] Action MyIngress.ipv4_forward
[21:29:03.633] [bmv2] [T] [thread 3636] [22.0] [cxt 0] basic.p4(95) Primitive standard_metadata.egress_spec = port
[21:29:03.633] [bmv2] [T] [thread 3636] [22.0] [cxt 0] basic.p4(96) Primitive hdr.ethernet.srcAddr = hdr.ethernet.dstAddr
[21:29:03.633] [bmv2] [T] [thread 3636] [22.0] [cxt 0] basic.p4(97) Primitive hdr.ethernet.dstAddr = dstAddr
[21:29:03.633] [bmv2] [T] [thread 3636] [22.0] [cxt 0] basic.p4(98) Primitive hdr.ipv4.ttl = hdr.ipv4.ttl - 1
[21:29:03.633] [bmv2] [D] [thread 3636] [22.0] [cxt 0] Pipeline 'ingress': end
[21:29:03.633] [bmv2] [D] [thread 3636] [22.0] [cxt 0] Egress port is 1
[21:29:03.634] [bmv2] [D] [thread 3638] [22.0] [cxt 0] Pipeline 'egress': start
[21:29:03.634] [bmv2] [D] [thread 3638] [22.0] [cxt 0] Pipeline 'egress': end
[21:29:03.634] [bmv2] [D] [thread 3638] [22.0] [cxt 0] Deparser 'deparser': start
[21:29:03.634] [bmv2] [D] [thread 3638] [22.0] [cxt 0] Updating checksum 'cksum'
[21:29:03.635] [bmv2] [D] [thread 3638] [22.0] [cxt 0] Deparsing header 'ethernet'
[21:29:03.635] [bmv2] [D] [thread 3638] [22.0] [cxt 0] Deparsing header 'ipv4'
[21:29:03.635] [bmv2] [D] [thread 3638] [22.0] [cxt 0] Deparser 'deparser': end
[21:29:03.635] [bmv2] [D] [thread 3641] [22.0] [cxt 0] Transmitting packet of size 98 out of port 1
[21:29:03.661] [bmv2] [D] [thread 3636] [23.0] [cxt 0] Processing packet received on port 1
[21:29:03.661] [bmv2] [D] [thread 3636] [23.0] [cxt 0] Parser 'parser': start
[21:29:03.661] [bmv2] [D] [thread 3636] [23.0] [cxt 0] Parser 'parser' entering state 'start'
[21:29:03.661] [bmv2] [D] [thread 3636] [23.0] [cxt 0] Extracting header 'ethernet'
[21:29:03.661] [bmv2] [D] [thread 3636] [23.0] [cxt 0] Parser state 'start': key is 0800
[21:29:03.661] [bmv2] [T] [thread 3636] [23.0] [cxt 0] Bytes parsed: 14
[21:29:03.661] [bmv2] [D] [thread 3636] [23.0] [cxt 0] Parser 'parser' entering state 'parse_ipv4'
[21:29:03.661] [bmv2] [D] [thread 3636] [23.0] [cxt 0] Extracting header 'ipv4'
[21:29:03.661] [bmv2] [D] [thread 3636] [23.0] [cxt 0] Parser state 'parse_ipv4' has no switch, going to default next state
[21:29:03.661] [bmv2] [T] [thread 3636] [23.0] [cxt 0] Bytes parsed: 34
[21:29:03.661] [bmv2] [D] [thread 3636] [23.0] [cxt 0] Parser 'parser': end
[21:29:03.661] [bmv2] [D] [thread 3636] [23.0] [cxt 0] Pipeline 'ingress': start
[21:29:03.661] [bmv2] [T] [thread 3636] [23.0] [cxt 0] basic.p4(115) Condition "hdr.ipv4.isValid()" (node_2) is true
[21:29:03.661] [bmv2] [T] [thread 3636] [23.0] [cxt 0] Applying table 'MyIngress.ipv4_lpm'
[21:29:03.661] [bmv2] [D] [thread 3636] [23.0] [cxt 0] Looking up key:
* hdr.ipv4.dstAddr    : 0a000303

[21:29:03.661] [bmv2] [D] [thread 3636] [23.0] [cxt 0] Table 'MyIngress.ipv4_lpm': hit with handle 2
[21:29:03.661] [bmv2] [D] [thread 3636] [23.0] [cxt 0] Dumping entry 2
Match key:
* hdr.ipv4.dstAddr    : LPM       0a000303/32
Action entry: MyIngress.ipv4_forward - 80000000200,2,

[21:29:03.661] [bmv2] [D] [thread 3636] [23.0] [cxt 0] Action entry is MyIngress.ipv4_forward - 80000000200,2,
[21:29:03.661] [bmv2] [T] [thread 3636] [23.0] [cxt 0] Action MyIngress.ipv4_forward
[21:29:03.661] [bmv2] [T] [thread 3636] [23.0] [cxt 0] basic.p4(95) Primitive standard_metadata.egress_spec = port
[21:29:03.661] [bmv2] [T] [thread 3636] [23.0] [cxt 0] basic.p4(96) Primitive hdr.ethernet.srcAddr = hdr.ethernet.dstAddr
[21:29:03.661] [bmv2] [T] [thread 3636] [23.0] [cxt 0] basic.p4(97) Primitive hdr.ethernet.dstAddr = dstAddr
[21:29:03.661] [bmv2] [T] [thread 3636] [23.0] [cxt 0] basic.p4(98) Primitive hdr.ipv4.ttl = hdr.ipv4.ttl - 1
[21:29:03.661] [bmv2] [D] [thread 3636] [23.0] [cxt 0] Pipeline 'ingress': end
[21:29:03.661] [bmv2] [D] [thread 3636] [23.0] [cxt 0] Egress port is 2
[21:29:03.662] [bmv2] [D] [thread 3639] [23.0] [cxt 0] Pipeline 'egress': start
[21:29:03.662] [bmv2] [D] [thread 3639] [23.0] [cxt 0] Pipeline 'egress': end
[21:29:03.662] [bmv2] [D] [thread 3639] [23.0] [cxt 0] Deparser 'deparser': start
[21:29:03.662] [bmv2] [D] [thread 3639] [23.0] [cxt 0] Updating checksum 'cksum'
[21:29:03.662] [bmv2] [D] [thread 3639] [23.0] [cxt 0] Deparsing header 'ethernet'
[21:29:03.662] [bmv2] [D] [thread 3639] [23.0] [cxt 0] Deparsing header 'ipv4'
[21:29:03.662] [bmv2] [D] [thread 3639] [23.0] [cxt 0] Deparser 'deparser': end
[21:29:03.662] [bmv2] [D] [thread 3641] [23.0] [cxt 0] Transmitting packet of size 98 out of port 2
[21:29:03.789] [bmv2] [D] [thread 3636] [24.0] [cxt 0] Processing packet received on port 1
[21:29:03.790] [bmv2] [D] [thread 3636] [24.0] [cxt 0] Parser 'parser': start
[21:29:03.790] [bmv2] [D] [thread 3636] [24.0] [cxt 0] Parser 'parser' entering state 'start'
[21:29:03.790] [bmv2] [D] [thread 3636] [24.0] [cxt 0] Extracting header 'ethernet'
[21:29:03.790] [bmv2] [D] [thread 3636] [24.0] [cxt 0] Parser state 'start': key is 0800
[21:29:03.790] [bmv2] [T] [thread 3636] [24.0] [cxt 0] Bytes parsed: 14
[21:29:03.790] [bmv2] [D] [thread 3636] [24.0] [cxt 0] Parser 'parser' entering state 'parse_ipv4'
[21:29:03.790] [bmv2] [D] [thread 3636] [24.0] [cxt 0] Extracting header 'ipv4'
[21:29:03.790] [bmv2] [D] [thread 3636] [24.0] [cxt 0] Parser state 'parse_ipv4' has no switch, going to default next state
[21:29:03.790] [bmv2] [T] [thread 3636] [24.0] [cxt 0] Bytes parsed: 34
[21:29:03.790] [bmv2] [D] [thread 3636] [24.0] [cxt 0] Parser 'parser': end
[21:29:03.790] [bmv2] [D] [thread 3636] [24.0] [cxt 0] Pipeline 'ingress': start
[21:29:03.790] [bmv2] [T] [thread 3636] [24.0] [cxt 0] basic.p4(115) Condition "hdr.ipv4.isValid()" (node_2) is true
[21:29:03.790] [bmv2] [T] [thread 3636] [24.0] [cxt 0] Applying table 'MyIngress.ipv4_lpm'
[21:29:03.790] [bmv2] [D] [thread 3636] [24.0] [cxt 0] Looking up key:
* hdr.ipv4.dstAddr    : 0a000303

[21:29:03.790] [bmv2] [D] [thread 3636] [24.0] [cxt 0] Table 'MyIngress.ipv4_lpm': hit with handle 2
[21:29:03.790] [bmv2] [D] [thread 3636] [24.0] [cxt 0] Dumping entry 2
Match key:
* hdr.ipv4.dstAddr    : LPM       0a000303/32
Action entry: MyIngress.ipv4_forward - 80000000200,2,

[21:29:03.790] [bmv2] [D] [thread 3636] [24.0] [cxt 0] Action entry is MyIngress.ipv4_forward - 80000000200,2,
[21:29:03.790] [bmv2] [T] [thread 3636] [24.0] [cxt 0] Action MyIngress.ipv4_forward
[21:29:03.790] [bmv2] [T] [thread 3636] [24.0] [cxt 0] basic.p4(95) Primitive standard_metadata.egress_spec = port
[21:29:03.790] [bmv2] [T] [thread 3636] [24.0] [cxt 0] basic.p4(96) Primitive hdr.ethernet.srcAddr = hdr.ethernet.dstAddr
[21:29:03.798] [bmv2] [T] [thread 3636] [24.0] [cxt 0] basic.p4(97) Primitive hdr.ethernet.dstAddr = dstAddr
[21:29:03.798] [bmv2] [T] [thread 3636] [24.0] [cxt 0] basic.p4(98) Primitive hdr.ipv4.ttl = hdr.ipv4.ttl - 1
[21:29:03.799] [bmv2] [D] [thread 3636] [24.0] [cxt 0] Pipeline 'ingress': end
[21:29:03.799] [bmv2] [D] [thread 3636] [24.0] [cxt 0] Egress port is 2
[21:29:03.801] [bmv2] [D] [thread 3639] [24.0] [cxt 0] Pipeline 'egress': start
[21:29:03.804] [bmv2] [D] [thread 3639] [24.0] [cxt 0] Pipeline 'egress': end
[21:29:03.805] [bmv2] [D] [thread 3639] [24.0] [cxt 0] Deparser 'deparser': start
[21:29:03.805] [bmv2] [D] [thread 3639] [24.0] [cxt 0] Updating checksum 'cksum'
[21:29:03.805] [bmv2] [D] [thread 3639] [24.0] [cxt 0] Deparsing header 'ethernet'
[21:29:03.805] [bmv2] [D] [thread 3639] [24.0] [cxt 0] Deparsing header 'ipv4'
[21:29:03.805] [bmv2] [D] [thread 3639] [24.0] [cxt 0] Deparser 'deparser': end
[21:29:03.805] [bmv2] [D] [thread 3641] [24.0] [cxt 0] Transmitting packet of size 98 out of port 2
[21:29:03.907] [bmv2] [D] [thread 3636] [25.0] [cxt 0] Processing packet received on port 2
[21:29:03.907] [bmv2] [D] [thread 3636] [25.0] [cxt 0] Parser 'parser': start
[21:29:03.907] [bmv2] [D] [thread 3636] [25.0] [cxt 0] Parser 'parser' entering state 'start'
[21:29:03.907] [bmv2] [D] [thread 3636] [25.0] [cxt 0] Extracting header 'ethernet'
[21:29:03.907] [bmv2] [D] [thread 3636] [25.0] [cxt 0] Parser state 'start': key is 0800
[21:29:03.907] [bmv2] [T] [thread 3636] [25.0] [cxt 0] Bytes parsed: 14
[21:29:03.907] [bmv2] [D] [thread 3636] [25.0] [cxt 0] Parser 'parser' entering state 'parse_ipv4'
[21:29:03.907] [bmv2] [D] [thread 3636] [25.0] [cxt 0] Extracting header 'ipv4'
[21:29:03.907] [bmv2] [D] [thread 3636] [25.0] [cxt 0] Parser state 'parse_ipv4' has no switch, going to default next state
[21:29:03.908] [bmv2] [T] [thread 3636] [25.0] [cxt 0] Bytes parsed: 34
[21:29:03.908] [bmv2] [D] [thread 3636] [25.0] [cxt 0] Parser 'parser': end
[21:29:03.908] [bmv2] [D] [thread 3636] [25.0] [cxt 0] Pipeline 'ingress': start
[21:29:03.908] [bmv2] [T] [thread 3636] [25.0] [cxt 0] basic.p4(115) Condition "hdr.ipv4.isValid()" (node_2) is true
[21:29:03.908] [bmv2] [T] [thread 3636] [25.0] [cxt 0] Applying table 'MyIngress.ipv4_lpm'
[21:29:03.908] [bmv2] [D] [thread 3636] [25.0] [cxt 0] Looking up key:
* hdr.ipv4.dstAddr    : 0a000101

[21:29:03.908] [bmv2] [D] [thread 3636] [25.0] [cxt 0] Table 'MyIngress.ipv4_lpm': hit with handle 0
[21:29:03.908] [bmv2] [D] [thread 3636] [25.0] [cxt 0] Dumping entry 0
Match key:
* hdr.ipv4.dstAddr    : LPM       0a000101/32
Action entry: MyIngress.ipv4_forward - 80000000100,1,

[21:29:03.908] [bmv2] [D] [thread 3636] [25.0] [cxt 0] Action entry is MyIngress.ipv4_forward - 80000000100,1,
[21:29:03.908] [bmv2] [T] [thread 3636] [25.0] [cxt 0] Action MyIngress.ipv4_forward
[21:29:03.908] [bmv2] [T] [thread 3636] [25.0] [cxt 0] basic.p4(95) Primitive standard_metadata.egress_spec = port
[21:29:03.908] [bmv2] [T] [thread 3636] [25.0] [cxt 0] basic.p4(96) Primitive hdr.ethernet.srcAddr = hdr.ethernet.dstAddr
[21:29:03.908] [bmv2] [T] [thread 3636] [25.0] [cxt 0] basic.p4(97) Primitive hdr.ethernet.dstAddr = dstAddr
[21:29:03.908] [bmv2] [T] [thread 3636] [25.0] [cxt 0] basic.p4(98) Primitive hdr.ipv4.ttl = hdr.ipv4.ttl - 1
[21:29:03.908] [bmv2] [D] [thread 3636] [25.0] [cxt 0] Pipeline 'ingress': end
[21:29:03.908] [bmv2] [D] [thread 3636] [25.0] [cxt 0] Egress port is 1
[21:29:03.909] [bmv2] [D] [thread 3638] [25.0] [cxt 0] Pipeline 'egress': start
[21:29:03.909] [bmv2] [D] [thread 3638] [25.0] [cxt 0] Pipeline 'egress': end
[21:29:03.909] [bmv2] [D] [thread 3638] [25.0] [cxt 0] Deparser 'deparser': start
[21:29:03.909] [bmv2] [D] [thread 3638] [25.0] [cxt 0] Updating checksum 'cksum'
[21:29:03.909] [bmv2] [D] [thread 3638] [25.0] [cxt 0] Deparsing header 'ethernet'
[21:29:03.909] [bmv2] [D] [thread 3638] [25.0] [cxt 0] Deparsing header 'ipv4'
[21:29:03.909] [bmv2] [D] [thread 3638] [25.0] [cxt 0] Deparser 'deparser': end
[21:29:03.912] [bmv2] [D] [thread 3641] [25.0] [cxt 0] Transmitting packet of size 98 out of port 1
open: No such file or directory
open: No such file or directory
open: No such file or directory
open: No such file or directory
open: No such file or directory
open: No such file or directory
open: No such file or directory
open: No such file or directory
open: No such file or directory
open: No such file or directory
open: No such file or directory
