Calling target program-options parser
[21:28:47.524] [bmv2] [D] [thread 3657] Set default default entry for table 'MyIngress.ipv4_lpm': MyIngress.drop - 
Adding interface s4-eth1 as port 1
[21:28:47.531] [bmv2] [D] [thread 3657] Adding interface s4-eth1 as port 1
Adding interface s4-eth2 as port 2
[21:28:47.630] [bmv2] [D] [thread 3657] Adding interface s4-eth2 as port 2
Server listening on 0.0.0.0:50054
[21:28:47.747] [bmv2] [I] [thread 3657] Starting Thrift server on port 9093
[21:28:47.752] [bmv2] [I] [thread 3657] Thrift server was started
[21:28:47.760] [bmv2] [D] [thread 3669] [0.0] [cxt 0] Processing packet received on port 1
[21:28:47.760] [bmv2] [D] [thread 3669] [0.0] [cxt 0] Parser 'parser': start
[21:28:47.760] [bmv2] [D] [thread 3669] [0.0] [cxt 0] Parser 'parser' entering state 'start'
[21:28:47.760] [bmv2] [D] [thread 3669] [0.0] [cxt 0] Extracting header 'ethernet'
[21:28:47.760] [bmv2] [D] [thread 3669] [0.0] [cxt 0] Parser state 'start': key is 86dd
[21:28:47.760] [bmv2] [T] [thread 3669] [0.0] [cxt 0] Bytes parsed: 14
[21:28:47.760] [bmv2] [D] [thread 3669] [0.0] [cxt 0] Parser 'parser': end
[21:28:47.760] [bmv2] [D] [thread 3669] [0.0] [cxt 0] Pipeline 'ingress': start
[21:28:47.760] [bmv2] [T] [thread 3669] [0.0] [cxt 0] basic.p4(115) Condition "hdr.ipv4.isValid()" (node_2) is false
[21:28:47.760] [bmv2] [D] [thread 3669] [0.0] [cxt 0] Pipeline 'ingress': end
[21:28:47.760] [bmv2] [D] [thread 3669] [0.0] [cxt 0] Egress port is 0
[21:28:47.760] [bmv2] [D] [thread 3670] [0.0] [cxt 0] Pipeline 'egress': start
[21:28:47.761] [bmv2] [D] [thread 3670] [0.0] [cxt 0] Pipeline 'egress': end
[21:28:47.761] [bmv2] [D] [thread 3670] [0.0] [cxt 0] Deparser 'deparser': start
[21:28:47.761] [bmv2] [T] [thread 3670] [0.0] [cxt 0] Skipping checksum 'cksum' update because condition not met
[21:28:47.761] [bmv2] [D] [thread 3670] [0.0] [cxt 0] Deparsing header 'ethernet'
[21:28:47.761] [bmv2] [D] [thread 3670] [0.0] [cxt 0] Deparser 'deparser': end
[21:28:47.764] [bmv2] [D] [thread 3674] [0.0] [cxt 0] Transmitting packet of size 70 out of port 0
[21:28:47.974] [bmv2] [D] [thread 3669] [1.0] [cxt 0] Processing packet received on port 2
[21:28:47.975] [bmv2] [D] [thread 3669] [1.0] [cxt 0] Parser 'parser': start
[21:28:47.975] [bmv2] [D] [thread 3669] [1.0] [cxt 0] Parser 'parser' entering state 'start'
[21:28:47.975] [bmv2] [D] [thread 3669] [1.0] [cxt 0] Extracting header 'ethernet'
[21:28:47.975] [bmv2] [D] [thread 3669] [1.0] [cxt 0] Parser state 'start': key is 86dd
[21:28:47.975] [bmv2] [T] [thread 3669] [1.0] [cxt 0] Bytes parsed: 14
[21:28:47.975] [bmv2] [D] [thread 3669] [1.0] [cxt 0] Parser 'parser': end
[21:28:47.975] [bmv2] [D] [thread 3669] [1.0] [cxt 0] Pipeline 'ingress': start
[21:28:47.975] [bmv2] [T] [thread 3669] [1.0] [cxt 0] basic.p4(115) Condition "hdr.ipv4.isValid()" (node_2) is false
[21:28:47.975] [bmv2] [D] [thread 3669] [1.0] [cxt 0] Pipeline 'ingress': end
[21:28:47.975] [bmv2] [D] [thread 3669] [1.0] [cxt 0] Egress port is 0
[21:28:47.975] [bmv2] [D] [thread 3670] [1.0] [cxt 0] Pipeline 'egress': start
[21:28:47.980] [bmv2] [D] [thread 3670] [1.0] [cxt 0] Pipeline 'egress': end
[21:28:47.980] [bmv2] [D] [thread 3670] [1.0] [cxt 0] Deparser 'deparser': start
[21:28:47.980] [bmv2] [T] [thread 3670] [1.0] [cxt 0] Skipping checksum 'cksum' update because condition not met
[21:28:47.980] [bmv2] [D] [thread 3670] [1.0] [cxt 0] Deparsing header 'ethernet'
[21:28:47.980] [bmv2] [D] [thread 3670] [1.0] [cxt 0] Deparser 'deparser': end
[21:28:47.981] [bmv2] [D] [thread 3674] [1.0] [cxt 0] Transmitting packet of size 70 out of port 0
[21:28:48.326] [bmv2] [D] [thread 3669] [2.0] [cxt 0] Processing packet received on port 1
[21:28:48.327] [bmv2] [D] [thread 3669] [2.0] [cxt 0] Parser 'parser': start
[21:28:48.327] [bmv2] [D] [thread 3669] [2.0] [cxt 0] Parser 'parser' entering state 'start'
[21:28:48.327] [bmv2] [D] [thread 3669] [2.0] [cxt 0] Extracting header 'ethernet'
[21:28:48.327] [bmv2] [D] [thread 3669] [2.0] [cxt 0] Parser state 'start': key is 86dd
[21:28:48.327] [bmv2] [T] [thread 3669] [2.0] [cxt 0] Bytes parsed: 14
[21:28:48.327] [bmv2] [D] [thread 3669] [2.0] [cxt 0] Parser 'parser': end
[21:28:48.327] [bmv2] [D] [thread 3669] [2.0] [cxt 0] Pipeline 'ingress': start
[21:28:48.327] [bmv2] [T] [thread 3669] [2.0] [cxt 0] basic.p4(115) Condition "hdr.ipv4.isValid()" (node_2) is false
[21:28:48.327] [bmv2] [D] [thread 3669] [2.0] [cxt 0] Pipeline 'ingress': end
[21:28:48.327] [bmv2] [D] [thread 3669] [2.0] [cxt 0] Egress port is 0
[21:28:48.328] [bmv2] [D] [thread 3670] [2.0] [cxt 0] Pipeline 'egress': start
[21:28:48.328] [bmv2] [D] [thread 3670] [2.0] [cxt 0] Pipeline 'egress': end
[21:28:48.328] [bmv2] [D] [thread 3670] [2.0] [cxt 0] Deparser 'deparser': start
[21:28:48.328] [bmv2] [T] [thread 3670] [2.0] [cxt 0] Skipping checksum 'cksum' update because condition not met
[21:28:48.328] [bmv2] [D] [thread 3670] [2.0] [cxt 0] Deparsing header 'ethernet'
[21:28:48.328] [bmv2] [D] [thread 3670] [2.0] [cxt 0] Deparser 'deparser': end
[21:28:48.330] [bmv2] [D] [thread 3674] [2.0] [cxt 0] Transmitting packet of size 208 out of port 0
[21:28:48.552] [bmv2] [D] [thread 3669] [3.0] [cxt 0] Processing packet received on port 1
[21:28:48.552] [bmv2] [D] [thread 3669] [3.0] [cxt 0] Parser 'parser': start
[21:28:48.552] [bmv2] [D] [thread 3669] [3.0] [cxt 0] Parser 'parser' entering state 'start'
[21:28:48.552] [bmv2] [D] [thread 3669] [3.0] [cxt 0] Extracting header 'ethernet'
[21:28:48.552] [bmv2] [D] [thread 3669] [3.0] [cxt 0] Parser state 'start': key is 86dd
[21:28:48.552] [bmv2] [T] [thread 3669] [3.0] [cxt 0] Bytes parsed: 14
[21:28:48.552] [bmv2] [D] [thread 3669] [3.0] [cxt 0] Parser 'parser': end
[21:28:48.552] [bmv2] [D] [thread 3669] [3.0] [cxt 0] Pipeline 'ingress': start
[21:28:48.552] [bmv2] [T] [thread 3669] [3.0] [cxt 0] basic.p4(115) Condition "hdr.ipv4.isValid()" (node_2) is false
[21:28:48.553] [bmv2] [D] [thread 3669] [3.0] [cxt 0] Pipeline 'ingress': end
[21:28:48.553] [bmv2] [D] [thread 3669] [3.0] [cxt 0] Egress port is 0
[21:28:48.553] [bmv2] [D] [thread 3670] [3.0] [cxt 0] Pipeline 'egress': start
[21:28:48.553] [bmv2] [D] [thread 3670] [3.0] [cxt 0] Pipeline 'egress': end
[21:28:48.553] [bmv2] [D] [thread 3670] [3.0] [cxt 0] Deparser 'deparser': start
[21:28:48.553] [bmv2] [T] [thread 3670] [3.0] [cxt 0] Skipping checksum 'cksum' update because condition not met
[21:28:48.553] [bmv2] [D] [thread 3670] [3.0] [cxt 0] Deparsing header 'ethernet'
[21:28:48.553] [bmv2] [D] [thread 3670] [3.0] [cxt 0] Deparser 'deparser': end
[21:28:48.553] [bmv2] [D] [thread 3674] [3.0] [cxt 0] Transmitting packet of size 70 out of port 0
[21:28:50.121] [bmv2] [W] [thread 3755] [P4Runtime] p4::tmp::P4DeviceConfig is deprecated
[21:28:50.128] [bmv2] [D] [thread 3755] Set default default entry for table 'MyIngress.ipv4_lpm': MyIngress.drop - 
[21:28:50.140] [bmv2] [D] [thread 3755] simple_switch target has been notified of a config swap
[21:28:50.156] [bmv2] [D] [thread 3756] Set default entry for table 'MyIngress.ipv4_lpm': MyIngress.drop - 
[21:28:50.176] [bmv2] [D] [thread 3755] Entry 0 added to table 'MyIngress.ipv4_lpm'
[21:28:50.176] [bmv2] [D] [thread 3755] Dumping entry 0
Match key:
* hdr.ipv4.dstAddr    : LPM       0a000101/32
Action entry: MyIngress.ipv4_forward - 80000000100,2,

[21:28:50.185] [bmv2] [D] [thread 3756] Entry 1 added to table 'MyIngress.ipv4_lpm'
[21:28:50.192] [bmv2] [D] [thread 3756] Dumping entry 1
Match key:
* hdr.ipv4.dstAddr    : LPM       0a000202/32
Action entry: MyIngress.ipv4_forward - 80000000100,2,

[21:28:50.237] [bmv2] [D] [thread 3756] Entry 2 added to table 'MyIngress.ipv4_lpm'
[21:28:50.237] [bmv2] [D] [thread 3756] Dumping entry 2
Match key:
* hdr.ipv4.dstAddr    : LPM       0a000303/32
Action entry: MyIngress.ipv4_forward - 80000000200,1,

[21:28:50.252] [bmv2] [D] [thread 3755] Entry 3 added to table 'MyIngress.ipv4_lpm'
[21:28:50.252] [bmv2] [D] [thread 3755] Dumping entry 3
Match key:
* hdr.ipv4.dstAddr    : LPM       0a000404/32
Action entry: MyIngress.ipv4_forward - 80000000200,1,

[21:28:50.519] [bmv2] [D] [thread 3669] [4.0] [cxt 0] Processing packet received on port 2
[21:28:50.519] [bmv2] [D] [thread 3669] [4.0] [cxt 0] Parser 'parser': start
[21:28:50.519] [bmv2] [D] [thread 3669] [4.0] [cxt 0] Parser 'parser' entering state 'start'
[21:28:50.519] [bmv2] [D] [thread 3669] [4.0] [cxt 0] Extracting header 'ethernet'
[21:28:50.519] [bmv2] [D] [thread 3669] [4.0] [cxt 0] Parser state 'start': key is 86dd
[21:28:50.519] [bmv2] [T] [thread 3669] [4.0] [cxt 0] Bytes parsed: 14
[21:28:50.519] [bmv2] [D] [thread 3669] [4.0] [cxt 0] Parser 'parser': end
[21:28:50.520] [bmv2] [D] [thread 3669] [4.0] [cxt 0] Pipeline 'ingress': start
[21:28:50.520] [bmv2] [T] [thread 3669] [4.0] [cxt 0] basic.p4(115) Condition "hdr.ipv4.isValid()" (node_2) is false
[21:28:50.520] [bmv2] [D] [thread 3669] [4.0] [cxt 0] Pipeline 'ingress': end
[21:28:50.520] [bmv2] [D] [thread 3669] [4.0] [cxt 0] Egress port is 0
[21:28:50.520] [bmv2] [D] [thread 3670] [4.0] [cxt 0] Pipeline 'egress': start
[21:28:50.520] [bmv2] [D] [thread 3670] [4.0] [cxt 0] Pipeline 'egress': end
[21:28:50.520] [bmv2] [D] [thread 3670] [4.0] [cxt 0] Deparser 'deparser': start
[21:28:50.520] [bmv2] [T] [thread 3670] [4.0] [cxt 0] Skipping checksum 'cksum' update because condition not met
[21:28:50.520] [bmv2] [D] [thread 3670] [4.0] [cxt 0] Deparsing header 'ethernet'
[21:28:50.520] [bmv2] [D] [thread 3670] [4.0] [cxt 0] Deparser 'deparser': end
[21:28:50.521] [bmv2] [D] [thread 3674] [4.0] [cxt 0] Transmitting packet of size 107 out of port 0
[21:28:50.806] [bmv2] [D] [thread 3669] [5.0] [cxt 0] Processing packet received on port 1
[21:28:50.806] [bmv2] [D] [thread 3669] [5.0] [cxt 0] Parser 'parser': start
[21:28:50.806] [bmv2] [D] [thread 3669] [5.0] [cxt 0] Parser 'parser' entering state 'start'
[21:28:50.806] [bmv2] [D] [thread 3669] [5.0] [cxt 0] Extracting header 'ethernet'
[21:28:50.806] [bmv2] [D] [thread 3669] [5.0] [cxt 0] Parser state 'start': key is 86dd
[21:28:50.806] [bmv2] [T] [thread 3669] [5.0] [cxt 0] Bytes parsed: 14
[21:28:50.806] [bmv2] [D] [thread 3669] [5.0] [cxt 0] Parser 'parser': end
[21:28:50.806] [bmv2] [D] [thread 3669] [5.0] [cxt 0] Pipeline 'ingress': start
[21:28:50.806] [bmv2] [T] [thread 3669] [5.0] [cxt 0] basic.p4(115) Condition "hdr.ipv4.isValid()" (node_2) is false
[21:28:50.806] [bmv2] [D] [thread 3669] [5.0] [cxt 0] Pipeline 'ingress': end
[21:28:50.806] [bmv2] [D] [thread 3669] [5.0] [cxt 0] Egress port is 0
[21:28:50.808] [bmv2] [D] [thread 3669] [6.0] [cxt 0] Processing packet received on port 2
[21:28:50.808] [bmv2] [D] [thread 3669] [6.0] [cxt 0] Parser 'parser': start
[21:28:50.808] [bmv2] [D] [thread 3669] [6.0] [cxt 0] Parser 'parser' entering state 'start'
[21:28:50.808] [bmv2] [D] [thread 3669] [6.0] [cxt 0] Extracting header 'ethernet'
[21:28:50.808] [bmv2] [D] [thread 3669] [6.0] [cxt 0] Parser state 'start': key is 86dd
[21:28:50.808] [bmv2] [T] [thread 3669] [6.0] [cxt 0] Bytes parsed: 14
[21:28:50.808] [bmv2] [D] [thread 3669] [6.0] [cxt 0] Parser 'parser': end
[21:28:50.808] [bmv2] [D] [thread 3669] [6.0] [cxt 0] Pipeline 'ingress': start
[21:28:50.808] [bmv2] [T] [thread 3669] [6.0] [cxt 0] basic.p4(115) Condition "hdr.ipv4.isValid()" (node_2) is false
[21:28:50.808] [bmv2] [D] [thread 3669] [6.0] [cxt 0] Pipeline 'ingress': end
[21:28:50.810] [bmv2] [D] [thread 3669] [6.0] [cxt 0] Egress port is 0
[21:28:50.810] [bmv2] [D] [thread 3670] [5.0] [cxt 0] Pipeline 'egress': start
[21:28:50.810] [bmv2] [D] [thread 3670] [5.0] [cxt 0] Pipeline 'egress': end
[21:28:50.810] [bmv2] [D] [thread 3670] [5.0] [cxt 0] Deparser 'deparser': start
[21:28:50.810] [bmv2] [T] [thread 3670] [5.0] [cxt 0] Skipping checksum 'cksum' update because condition not met
[21:28:50.810] [bmv2] [D] [thread 3670] [5.0] [cxt 0] Deparsing header 'ethernet'
[21:28:50.810] [bmv2] [D] [thread 3670] [5.0] [cxt 0] Deparser 'deparser': end
[21:28:50.811] [bmv2] [D] [thread 3670] [6.0] [cxt 0] Pipeline 'egress': start
[21:28:50.811] [bmv2] [D] [thread 3670] [6.0] [cxt 0] Pipeline 'egress': end
[21:28:50.811] [bmv2] [D] [thread 3670] [6.0] [cxt 0] Deparser 'deparser': start
[21:28:50.811] [bmv2] [T] [thread 3670] [6.0] [cxt 0] Skipping checksum 'cksum' update because condition not met
[21:28:50.811] [bmv2] [D] [thread 3670] [6.0] [cxt 0] Deparsing header 'ethernet'
[21:28:50.811] [bmv2] [D] [thread 3670] [6.0] [cxt 0] Deparser 'deparser': end
[21:28:50.811] [bmv2] [D] [thread 3674] [5.0] [cxt 0] Transmitting packet of size 107 out of port 0
[21:28:50.811] [bmv2] [D] [thread 3674] [6.0] [cxt 0] Transmitting packet of size 107 out of port 0
[21:28:51.695] [bmv2] [D] [thread 3669] [7.0] [cxt 0] Processing packet received on port 1
[21:28:51.695] [bmv2] [D] [thread 3669] [7.0] [cxt 0] Parser 'parser': start
[21:28:51.695] [bmv2] [D] [thread 3669] [7.0] [cxt 0] Parser 'parser' entering state 'start'
[21:28:51.695] [bmv2] [D] [thread 3669] [7.0] [cxt 0] Extracting header 'ethernet'
[21:28:51.695] [bmv2] [D] [thread 3669] [7.0] [cxt 0] Parser state 'start': key is 86dd
[21:28:51.695] [bmv2] [T] [thread 3669] [7.0] [cxt 0] Bytes parsed: 14
[21:28:51.695] [bmv2] [D] [thread 3669] [7.0] [cxt 0] Parser 'parser': end
[21:28:51.695] [bmv2] [D] [thread 3669] [7.0] [cxt 0] Pipeline 'ingress': start
[21:28:51.695] [bmv2] [T] [thread 3669] [7.0] [cxt 0] basic.p4(115) Condition "hdr.ipv4.isValid()" (node_2) is false
[21:28:51.695] [bmv2] [D] [thread 3669] [7.0] [cxt 0] Pipeline 'ingress': end
[21:28:51.695] [bmv2] [D] [thread 3669] [7.0] [cxt 0] Egress port is 0
[21:28:51.697] [bmv2] [D] [thread 3670] [7.0] [cxt 0] Pipeline 'egress': start
[21:28:51.697] [bmv2] [D] [thread 3670] [7.0] [cxt 0] Pipeline 'egress': end
[21:28:51.697] [bmv2] [D] [thread 3670] [7.0] [cxt 0] Deparser 'deparser': start
[21:28:51.697] [bmv2] [T] [thread 3670] [7.0] [cxt 0] Skipping checksum 'cksum' update because condition not met
[21:28:51.697] [bmv2] [D] [thread 3670] [7.0] [cxt 0] Deparsing header 'ethernet'
[21:28:51.697] [bmv2] [D] [thread 3670] [7.0] [cxt 0] Deparser 'deparser': end
[21:28:51.703] [bmv2] [D] [thread 3674] [7.0] [cxt 0] Transmitting packet of size 107 out of port 0
[21:28:55.667] [bmv2] [D] [thread 3669] [8.0] [cxt 0] Processing packet received on port 2
[21:28:55.668] [bmv2] [D] [thread 3669] [8.0] [cxt 0] Parser 'parser': start
[21:28:55.668] [bmv2] [D] [thread 3669] [8.0] [cxt 0] Parser 'parser' entering state 'start'
[21:28:55.668] [bmv2] [D] [thread 3669] [8.0] [cxt 0] Extracting header 'ethernet'
[21:28:55.668] [bmv2] [D] [thread 3669] [8.0] [cxt 0] Parser state 'start': key is 86dd
[21:28:55.668] [bmv2] [T] [thread 3669] [8.0] [cxt 0] Bytes parsed: 14
[21:28:55.668] [bmv2] [D] [thread 3669] [8.0] [cxt 0] Parser 'parser': end
[21:28:55.668] [bmv2] [D] [thread 3669] [8.0] [cxt 0] Pipeline 'ingress': start
[21:28:55.668] [bmv2] [T] [thread 3669] [8.0] [cxt 0] basic.p4(115) Condition "hdr.ipv4.isValid()" (node_2) is false
[21:28:55.668] [bmv2] [D] [thread 3669] [8.0] [cxt 0] Pipeline 'ingress': end
[21:28:55.668] [bmv2] [D] [thread 3669] [8.0] [cxt 0] Egress port is 0
[21:28:55.671] [bmv2] [D] [thread 3670] [8.0] [cxt 0] Pipeline 'egress': start
[21:28:55.671] [bmv2] [D] [thread 3670] [8.0] [cxt 0] Pipeline 'egress': end
[21:28:55.671] [bmv2] [D] [thread 3670] [8.0] [cxt 0] Deparser 'deparser': start
[21:28:55.671] [bmv2] [T] [thread 3670] [8.0] [cxt 0] Skipping checksum 'cksum' update because condition not met
[21:28:55.671] [bmv2] [D] [thread 3670] [8.0] [cxt 0] Deparsing header 'ethernet'
[21:28:55.671] [bmv2] [D] [thread 3670] [8.0] [cxt 0] Deparser 'deparser': end
[21:28:55.672] [bmv2] [D] [thread 3674] [8.0] [cxt 0] Transmitting packet of size 70 out of port 0
[21:28:56.164] [bmv2] [D] [thread 3669] [9.0] [cxt 0] Processing packet received on port 1
[21:28:56.164] [bmv2] [D] [thread 3669] [9.0] [cxt 0] Parser 'parser': start
[21:28:56.164] [bmv2] [D] [thread 3669] [9.0] [cxt 0] Parser 'parser' entering state 'start'
[21:28:56.164] [bmv2] [D] [thread 3669] [9.0] [cxt 0] Extracting header 'ethernet'
[21:28:56.164] [bmv2] [D] [thread 3669] [9.0] [cxt 0] Parser state 'start': key is 86dd
[21:28:56.164] [bmv2] [T] [thread 3669] [9.0] [cxt 0] Bytes parsed: 14
[21:28:56.164] [bmv2] [D] [thread 3669] [9.0] [cxt 0] Parser 'parser': end
[21:28:56.165] [bmv2] [D] [thread 3669] [9.0] [cxt 0] Pipeline 'ingress': start
[21:28:56.165] [bmv2] [T] [thread 3669] [9.0] [cxt 0] basic.p4(115) Condition "hdr.ipv4.isValid()" (node_2) is false
[21:28:56.165] [bmv2] [D] [thread 3669] [9.0] [cxt 0] Pipeline 'ingress': end
[21:28:56.165] [bmv2] [D] [thread 3669] [9.0] [cxt 0] Egress port is 0
[21:28:56.166] [bmv2] [D] [thread 3670] [9.0] [cxt 0] Pipeline 'egress': start
[21:28:56.166] [bmv2] [D] [thread 3670] [9.0] [cxt 0] Pipeline 'egress': end
[21:28:56.166] [bmv2] [D] [thread 3670] [9.0] [cxt 0] Deparser 'deparser': start
[21:28:56.166] [bmv2] [T] [thread 3670] [9.0] [cxt 0] Skipping checksum 'cksum' update because condition not met
[21:28:56.166] [bmv2] [D] [thread 3670] [9.0] [cxt 0] Deparsing header 'ethernet'
[21:28:56.166] [bmv2] [D] [thread 3670] [9.0] [cxt 0] Deparser 'deparser': end
[21:28:56.169] [bmv2] [D] [thread 3674] [9.0] [cxt 0] Transmitting packet of size 70 out of port 0
[21:28:56.680] [bmv2] [D] [thread 3669] [10.0] [cxt 0] Processing packet received on port 2
[21:28:56.680] [bmv2] [D] [thread 3669] [10.0] [cxt 0] Parser 'parser': start
[21:28:56.680] [bmv2] [D] [thread 3669] [10.0] [cxt 0] Parser 'parser' entering state 'start'
[21:28:56.680] [bmv2] [D] [thread 3669] [10.0] [cxt 0] Extracting header 'ethernet'
[21:28:56.680] [bmv2] [D] [thread 3669] [10.0] [cxt 0] Parser state 'start': key is 86dd
[21:28:56.680] [bmv2] [T] [thread 3669] [10.0] [cxt 0] Bytes parsed: 14
[21:28:56.680] [bmv2] [D] [thread 3669] [10.0] [cxt 0] Parser 'parser': end
[21:28:56.680] [bmv2] [D] [thread 3669] [10.0] [cxt 0] Pipeline 'ingress': start
[21:28:56.680] [bmv2] [T] [thread 3669] [10.0] [cxt 0] basic.p4(115) Condition "hdr.ipv4.isValid()" (node_2) is false
[21:28:56.680] [bmv2] [D] [thread 3669] [10.0] [cxt 0] Pipeline 'ingress': end
[21:28:56.680] [bmv2] [D] [thread 3669] [10.0] [cxt 0] Egress port is 0
[21:28:56.681] [bmv2] [D] [thread 3670] [10.0] [cxt 0] Pipeline 'egress': start
[21:28:56.681] [bmv2] [D] [thread 3670] [10.0] [cxt 0] Pipeline 'egress': end
[21:28:56.681] [bmv2] [D] [thread 3670] [10.0] [cxt 0] Deparser 'deparser': start
[21:28:56.681] [bmv2] [T] [thread 3670] [10.0] [cxt 0] Skipping checksum 'cksum' update because condition not met
[21:28:56.681] [bmv2] [D] [thread 3670] [10.0] [cxt 0] Deparsing header 'ethernet'
[21:28:56.681] [bmv2] [D] [thread 3670] [10.0] [cxt 0] Deparser 'deparser': end
[21:28:56.681] [bmv2] [D] [thread 3674] [10.0] [cxt 0] Transmitting packet of size 70 out of port 0
[21:28:57.188] [bmv2] [D] [thread 3669] [11.0] [cxt 0] Processing packet received on port 1
[21:28:57.188] [bmv2] [D] [thread 3669] [11.0] [cxt 0] Parser 'parser': start
[21:28:57.189] [bmv2] [D] [thread 3669] [11.0] [cxt 0] Parser 'parser' entering state 'start'
[21:28:57.190] [bmv2] [D] [thread 3669] [11.0] [cxt 0] Extracting header 'ethernet'
[21:28:57.190] [bmv2] [D] [thread 3669] [11.0] [cxt 0] Parser state 'start': key is 86dd
[21:28:57.190] [bmv2] [T] [thread 3669] [11.0] [cxt 0] Bytes parsed: 14
[21:28:57.190] [bmv2] [D] [thread 3669] [11.0] [cxt 0] Parser 'parser': end
[21:28:57.190] [bmv2] [D] [thread 3669] [11.0] [cxt 0] Pipeline 'ingress': start
[21:28:57.190] [bmv2] [T] [thread 3669] [11.0] [cxt 0] basic.p4(115) Condition "hdr.ipv4.isValid()" (node_2) is false
[21:28:57.190] [bmv2] [D] [thread 3669] [11.0] [cxt 0] Pipeline 'ingress': end
[21:28:57.190] [bmv2] [D] [thread 3669] [11.0] [cxt 0] Egress port is 0
[21:28:57.192] [bmv2] [D] [thread 3670] [11.0] [cxt 0] Pipeline 'egress': start
[21:28:57.192] [bmv2] [D] [thread 3670] [11.0] [cxt 0] Pipeline 'egress': end
[21:28:57.192] [bmv2] [D] [thread 3670] [11.0] [cxt 0] Deparser 'deparser': start
[21:28:57.192] [bmv2] [T] [thread 3670] [11.0] [cxt 0] Skipping checksum 'cksum' update because condition not met
[21:28:57.192] [bmv2] [D] [thread 3670] [11.0] [cxt 0] Deparsing header 'ethernet'
[21:28:57.192] [bmv2] [D] [thread 3670] [11.0] [cxt 0] Deparser 'deparser': end
[21:28:57.192] [bmv2] [D] [thread 3674] [11.0] [cxt 0] Transmitting packet of size 70 out of port 0
[21:28:58.510] [bmv2] [D] [thread 3669] [12.0] [cxt 0] Processing packet received on port 2
[21:28:58.511] [bmv2] [D] [thread 3669] [12.0] [cxt 0] Parser 'parser': start
[21:28:58.511] [bmv2] [D] [thread 3669] [12.0] [cxt 0] Parser 'parser' entering state 'start'
[21:28:58.511] [bmv2] [D] [thread 3669] [12.0] [cxt 0] Extracting header 'ethernet'
[21:28:58.511] [bmv2] [D] [thread 3669] [12.0] [cxt 0] Parser state 'start': key is 86dd
[21:28:58.511] [bmv2] [T] [thread 3669] [12.0] [cxt 0] Bytes parsed: 14
[21:28:58.511] [bmv2] [D] [thread 3669] [12.0] [cxt 0] Parser 'parser': end
[21:28:58.511] [bmv2] [D] [thread 3669] [12.0] [cxt 0] Pipeline 'ingress': start
[21:28:58.511] [bmv2] [T] [thread 3669] [12.0] [cxt 0] basic.p4(115) Condition "hdr.ipv4.isValid()" (node_2) is false
[21:28:58.511] [bmv2] [D] [thread 3669] [12.0] [cxt 0] Pipeline 'ingress': end
[21:28:58.511] [bmv2] [D] [thread 3669] [12.0] [cxt 0] Egress port is 0
[21:28:58.511] [bmv2] [D] [thread 3670] [12.0] [cxt 0] Pipeline 'egress': start
[21:28:58.511] [bmv2] [D] [thread 3670] [12.0] [cxt 0] Pipeline 'egress': end
[21:28:58.511] [bmv2] [D] [thread 3670] [12.0] [cxt 0] Deparser 'deparser': start
[21:28:58.511] [bmv2] [T] [thread 3670] [12.0] [cxt 0] Skipping checksum 'cksum' update because condition not met
[21:28:58.511] [bmv2] [D] [thread 3670] [12.0] [cxt 0] Deparsing header 'ethernet'
[21:28:58.511] [bmv2] [D] [thread 3670] [12.0] [cxt 0] Deparser 'deparser': end
[21:28:58.511] [bmv2] [D] [thread 3674] [12.0] [cxt 0] Transmitting packet of size 107 out of port 0
[21:28:58.816] [bmv2] [D] [thread 3669] [13.0] [cxt 0] Processing packet received on port 1
[21:28:58.816] [bmv2] [D] [thread 3669] [13.0] [cxt 0] Parser 'parser': start
[21:28:58.816] [bmv2] [D] [thread 3669] [13.0] [cxt 0] Parser 'parser' entering state 'start'
[21:28:58.816] [bmv2] [D] [thread 3669] [13.0] [cxt 0] Extracting header 'ethernet'
[21:28:58.816] [bmv2] [D] [thread 3669] [13.0] [cxt 0] Parser state 'start': key is 86dd
[21:28:58.816] [bmv2] [T] [thread 3669] [13.0] [cxt 0] Bytes parsed: 14
[21:28:58.816] [bmv2] [D] [thread 3669] [13.0] [cxt 0] Parser 'parser': end
[21:28:58.816] [bmv2] [D] [thread 3669] [13.0] [cxt 0] Pipeline 'ingress': start
[21:28:58.816] [bmv2] [T] [thread 3669] [13.0] [cxt 0] basic.p4(115) Condition "hdr.ipv4.isValid()" (node_2) is false
[21:28:58.817] [bmv2] [D] [thread 3669] [13.0] [cxt 0] Pipeline 'ingress': end
[21:28:58.817] [bmv2] [D] [thread 3669] [13.0] [cxt 0] Egress port is 0
[21:28:58.817] [bmv2] [D] [thread 3669] [14.0] [cxt 0] Processing packet received on port 2
[21:28:58.817] [bmv2] [D] [thread 3669] [14.0] [cxt 0] Parser 'parser': start
[21:28:58.817] [bmv2] [D] [thread 3669] [14.0] [cxt 0] Parser 'parser' entering state 'start'
[21:28:58.817] [bmv2] [D] [thread 3669] [14.0] [cxt 0] Extracting header 'ethernet'
[21:28:58.817] [bmv2] [D] [thread 3669] [14.0] [cxt 0] Parser state 'start': key is 86dd
[21:28:58.817] [bmv2] [T] [thread 3669] [14.0] [cxt 0] Bytes parsed: 14
[21:28:58.817] [bmv2] [D] [thread 3669] [14.0] [cxt 0] Parser 'parser': end
[21:28:58.817] [bmv2] [D] [thread 3669] [14.0] [cxt 0] Pipeline 'ingress': start
[21:28:58.817] [bmv2] [T] [thread 3669] [14.0] [cxt 0] basic.p4(115) Condition "hdr.ipv4.isValid()" (node_2) is false
[21:28:58.817] [bmv2] [D] [thread 3669] [14.0] [cxt 0] Pipeline 'ingress': end
[21:28:58.818] [bmv2] [D] [thread 3669] [14.0] [cxt 0] Egress port is 0
[21:28:58.817] [bmv2] [D] [thread 3670] [13.0] [cxt 0] Pipeline 'egress': start
[21:28:58.818] [bmv2] [D] [thread 3670] [13.0] [cxt 0] Pipeline 'egress': end
[21:28:58.818] [bmv2] [D] [thread 3670] [13.0] [cxt 0] Deparser 'deparser': start
[21:28:58.818] [bmv2] [T] [thread 3670] [13.0] [cxt 0] Skipping checksum 'cksum' update because condition not met
[21:28:58.818] [bmv2] [D] [thread 3670] [13.0] [cxt 0] Deparsing header 'ethernet'
[21:28:58.818] [bmv2] [D] [thread 3670] [13.0] [cxt 0] Deparser 'deparser': end
[21:28:58.818] [bmv2] [D] [thread 3670] [14.0] [cxt 0] Pipeline 'egress': start
[21:28:58.818] [bmv2] [D] [thread 3670] [14.0] [cxt 0] Pipeline 'egress': end
[21:28:58.818] [bmv2] [D] [thread 3670] [14.0] [cxt 0] Deparser 'deparser': start
[21:28:58.818] [bmv2] [T] [thread 3670] [14.0] [cxt 0] Skipping checksum 'cksum' update because condition not met
[21:28:58.818] [bmv2] [D] [thread 3670] [14.0] [cxt 0] Deparsing header 'ethernet'
[21:28:58.818] [bmv2] [D] [thread 3670] [14.0] [cxt 0] Deparser 'deparser': end
[21:28:58.818] [bmv2] [D] [thread 3674] [13.0] [cxt 0] Transmitting packet of size 107 out of port 0
[21:28:58.819] [bmv2] [D] [thread 3674] [14.0] [cxt 0] Transmitting packet of size 107 out of port 0
[21:28:59.644] [bmv2] [D] [thread 3669] [15.0] [cxt 0] Processing packet received on port 1
[21:28:59.644] [bmv2] [D] [thread 3669] [15.0] [cxt 0] Parser 'parser': start
[21:28:59.644] [bmv2] [D] [thread 3669] [15.0] [cxt 0] Parser 'parser' entering state 'start'
[21:28:59.644] [bmv2] [D] [thread 3669] [15.0] [cxt 0] Extracting header 'ethernet'
[21:28:59.644] [bmv2] [D] [thread 3669] [15.0] [cxt 0] Parser state 'start': key is 86dd
[21:28:59.644] [bmv2] [T] [thread 3669] [15.0] [cxt 0] Bytes parsed: 14
[21:28:59.645] [bmv2] [D] [thread 3669] [15.0] [cxt 0] Parser 'parser': end
[21:28:59.645] [bmv2] [D] [thread 3669] [15.0] [cxt 0] Pipeline 'ingress': start
[21:28:59.645] [bmv2] [T] [thread 3669] [15.0] [cxt 0] basic.p4(115) Condition "hdr.ipv4.isValid()" (node_2) is false
[21:28:59.645] [bmv2] [D] [thread 3669] [15.0] [cxt 0] Pipeline 'ingress': end
[21:28:59.645] [bmv2] [D] [thread 3669] [15.0] [cxt 0] Egress port is 0
[21:28:59.646] [bmv2] [D] [thread 3670] [15.0] [cxt 0] Pipeline 'egress': start
[21:28:59.647] [bmv2] [D] [thread 3670] [15.0] [cxt 0] Pipeline 'egress': end
[21:28:59.647] [bmv2] [D] [thread 3670] [15.0] [cxt 0] Deparser 'deparser': start
[21:28:59.647] [bmv2] [T] [thread 3670] [15.0] [cxt 0] Skipping checksum 'cksum' update because condition not met
[21:28:59.647] [bmv2] [D] [thread 3670] [15.0] [cxt 0] Deparsing header 'ethernet'
[21:28:59.647] [bmv2] [D] [thread 3670] [15.0] [cxt 0] Deparser 'deparser': end
[21:28:59.647] [bmv2] [D] [thread 3674] [15.0] [cxt 0] Transmitting packet of size 107 out of port 0
[21:29:03.248] [bmv2] [D] [thread 3669] [16.0] [cxt 0] Processing packet received on port 2
[21:29:03.248] [bmv2] [D] [thread 3669] [16.0] [cxt 0] Parser 'parser': start
[21:29:03.248] [bmv2] [D] [thread 3669] [16.0] [cxt 0] Parser 'parser' entering state 'start'
[21:29:03.248] [bmv2] [D] [thread 3669] [16.0] [cxt 0] Extracting header 'ethernet'
[21:29:03.249] [bmv2] [D] [thread 3669] [16.0] [cxt 0] Parser state 'start': key is 0800
[21:29:03.249] [bmv2] [T] [thread 3669] [16.0] [cxt 0] Bytes parsed: 14
[21:29:03.249] [bmv2] [D] [thread 3669] [16.0] [cxt 0] Parser 'parser' entering state 'parse_ipv4'
[21:29:03.249] [bmv2] [D] [thread 3669] [16.0] [cxt 0] Extracting header 'ipv4'
[21:29:03.249] [bmv2] [D] [thread 3669] [16.0] [cxt 0] Parser state 'parse_ipv4' has no switch, going to default next state
[21:29:03.249] [bmv2] [T] [thread 3669] [16.0] [cxt 0] Bytes parsed: 34
[21:29:03.249] [bmv2] [D] [thread 3669] [16.0] [cxt 0] Parser 'parser': end
[21:29:03.249] [bmv2] [D] [thread 3669] [16.0] [cxt 0] Pipeline 'ingress': start
[21:29:03.249] [bmv2] [T] [thread 3669] [16.0] [cxt 0] basic.p4(115) Condition "hdr.ipv4.isValid()" (node_2) is true
[21:29:03.249] [bmv2] [T] [thread 3669] [16.0] [cxt 0] Applying table 'MyIngress.ipv4_lpm'
[21:29:03.249] [bmv2] [D] [thread 3669] [16.0] [cxt 0] Looking up key:
* hdr.ipv4.dstAddr    : 0a000404

[21:29:03.249] [bmv2] [D] [thread 3669] [16.0] [cxt 0] Table 'MyIngress.ipv4_lpm': hit with handle 3
[21:29:03.250] [bmv2] [D] [thread 3669] [16.0] [cxt 0] Dumping entry 3
Match key:
* hdr.ipv4.dstAddr    : LPM       0a000404/32
Action entry: MyIngress.ipv4_forward - 80000000200,1,

[21:29:03.250] [bmv2] [D] [thread 3669] [16.0] [cxt 0] Action entry is MyIngress.ipv4_forward - 80000000200,1,
[21:29:03.250] [bmv2] [T] [thread 3669] [16.0] [cxt 0] Action MyIngress.ipv4_forward
[21:29:03.250] [bmv2] [T] [thread 3669] [16.0] [cxt 0] basic.p4(95) Primitive standard_metadata.egress_spec = port
[21:29:03.261] [bmv2] [T] [thread 3669] [16.0] [cxt 0] basic.p4(96) Primitive hdr.ethernet.srcAddr = hdr.ethernet.dstAddr
[21:29:03.262] [bmv2] [T] [thread 3669] [16.0] [cxt 0] basic.p4(97) Primitive hdr.ethernet.dstAddr = dstAddr
[21:29:03.262] [bmv2] [T] [thread 3669] [16.0] [cxt 0] basic.p4(98) Primitive hdr.ipv4.ttl = hdr.ipv4.ttl - 1
[21:29:03.262] [bmv2] [D] [thread 3669] [16.0] [cxt 0] Pipeline 'ingress': end
[21:29:03.262] [bmv2] [D] [thread 3669] [16.0] [cxt 0] Egress port is 1
[21:29:03.262] [bmv2] [D] [thread 3671] [16.0] [cxt 0] Pipeline 'egress': start
[21:29:03.262] [bmv2] [D] [thread 3671] [16.0] [cxt 0] Pipeline 'egress': end
[21:29:03.262] [bmv2] [D] [thread 3671] [16.0] [cxt 0] Deparser 'deparser': start
[21:29:03.262] [bmv2] [D] [thread 3671] [16.0] [cxt 0] Updating checksum 'cksum'
[21:29:03.262] [bmv2] [D] [thread 3671] [16.0] [cxt 0] Deparsing header 'ethernet'
[21:29:03.262] [bmv2] [D] [thread 3671] [16.0] [cxt 0] Deparsing header 'ipv4'
[21:29:03.262] [bmv2] [D] [thread 3671] [16.0] [cxt 0] Deparser 'deparser': end
[21:29:03.263] [bmv2] [D] [thread 3674] [16.0] [cxt 0] Transmitting packet of size 98 out of port 1
[21:29:03.447] [bmv2] [D] [thread 3669] [17.0] [cxt 0] Processing packet received on port 1
[21:29:03.448] [bmv2] [D] [thread 3669] [17.0] [cxt 0] Parser 'parser': start
[21:29:03.448] [bmv2] [D] [thread 3669] [17.0] [cxt 0] Parser 'parser' entering state 'start'
[21:29:03.448] [bmv2] [D] [thread 3669] [17.0] [cxt 0] Extracting header 'ethernet'
[21:29:03.448] [bmv2] [D] [thread 3669] [17.0] [cxt 0] Parser state 'start': key is 0800
[21:29:03.448] [bmv2] [T] [thread 3669] [17.0] [cxt 0] Bytes parsed: 14
[21:29:03.448] [bmv2] [D] [thread 3669] [17.0] [cxt 0] Parser 'parser' entering state 'parse_ipv4'
[21:29:03.448] [bmv2] [D] [thread 3669] [17.0] [cxt 0] Extracting header 'ipv4'
[21:29:03.448] [bmv2] [D] [thread 3669] [17.0] [cxt 0] Parser state 'parse_ipv4' has no switch, going to default next state
[21:29:03.448] [bmv2] [T] [thread 3669] [17.0] [cxt 0] Bytes parsed: 34
[21:29:03.448] [bmv2] [D] [thread 3669] [17.0] [cxt 0] Parser 'parser': end
[21:29:03.448] [bmv2] [D] [thread 3669] [17.0] [cxt 0] Pipeline 'ingress': start
[21:29:03.448] [bmv2] [T] [thread 3669] [17.0] [cxt 0] basic.p4(115) Condition "hdr.ipv4.isValid()" (node_2) is true
[21:29:03.448] [bmv2] [T] [thread 3669] [17.0] [cxt 0] Applying table 'MyIngress.ipv4_lpm'
[21:29:03.448] [bmv2] [D] [thread 3669] [17.0] [cxt 0] Looking up key:
* hdr.ipv4.dstAddr    : 0a000202

[21:29:03.451] [bmv2] [D] [thread 3669] [17.0] [cxt 0] Table 'MyIngress.ipv4_lpm': hit with handle 1
[21:29:03.451] [bmv2] [D] [thread 3669] [17.0] [cxt 0] Dumping entry 1
Match key:
* hdr.ipv4.dstAddr    : LPM       0a000202/32
Action entry: MyIngress.ipv4_forward - 80000000100,2,

[21:29:03.451] [bmv2] [D] [thread 3669] [17.0] [cxt 0] Action entry is MyIngress.ipv4_forward - 80000000100,2,
[21:29:03.451] [bmv2] [T] [thread 3669] [17.0] [cxt 0] Action MyIngress.ipv4_forward
[21:29:03.451] [bmv2] [T] [thread 3669] [17.0] [cxt 0] basic.p4(95) Primitive standard_metadata.egress_spec = port
[21:29:03.451] [bmv2] [T] [thread 3669] [17.0] [cxt 0] basic.p4(96) Primitive hdr.ethernet.srcAddr = hdr.ethernet.dstAddr
[21:29:03.451] [bmv2] [T] [thread 3669] [17.0] [cxt 0] basic.p4(97) Primitive hdr.ethernet.dstAddr = dstAddr
[21:29:03.451] [bmv2] [T] [thread 3669] [17.0] [cxt 0] basic.p4(98) Primitive hdr.ipv4.ttl = hdr.ipv4.ttl - 1
[21:29:03.451] [bmv2] [D] [thread 3669] [17.0] [cxt 0] Pipeline 'ingress': end
[21:29:03.451] [bmv2] [D] [thread 3669] [17.0] [cxt 0] Egress port is 2
[21:29:03.455] [bmv2] [D] [thread 3672] [17.0] [cxt 0] Pipeline 'egress': start
[21:29:03.457] [bmv2] [D] [thread 3672] [17.0] [cxt 0] Pipeline 'egress': end
[21:29:03.457] [bmv2] [D] [thread 3672] [17.0] [cxt 0] Deparser 'deparser': start
[21:29:03.457] [bmv2] [D] [thread 3672] [17.0] [cxt 0] Updating checksum 'cksum'
[21:29:03.457] [bmv2] [D] [thread 3672] [17.0] [cxt 0] Deparsing header 'ethernet'
[21:29:03.457] [bmv2] [D] [thread 3672] [17.0] [cxt 0] Deparsing header 'ipv4'
[21:29:03.457] [bmv2] [D] [thread 3672] [17.0] [cxt 0] Deparser 'deparser': end
[21:29:03.457] [bmv2] [D] [thread 3674] [17.0] [cxt 0] Transmitting packet of size 98 out of port 2
[21:29:03.525] [bmv2] [D] [thread 3669] [18.0] [cxt 0] Processing packet received on port 2
[21:29:03.526] [bmv2] [D] [thread 3669] [18.0] [cxt 0] Parser 'parser': start
[21:29:03.526] [bmv2] [D] [thread 3669] [18.0] [cxt 0] Parser 'parser' entering state 'start'
[21:29:03.526] [bmv2] [D] [thread 3669] [18.0] [cxt 0] Extracting header 'ethernet'
[21:29:03.526] [bmv2] [D] [thread 3669] [18.0] [cxt 0] Parser state 'start': key is 0800
[21:29:03.526] [bmv2] [T] [thread 3669] [18.0] [cxt 0] Bytes parsed: 14
[21:29:03.526] [bmv2] [D] [thread 3669] [18.0] [cxt 0] Parser 'parser' entering state 'parse_ipv4'
[21:29:03.526] [bmv2] [D] [thread 3669] [18.0] [cxt 0] Extracting header 'ipv4'
[21:29:03.526] [bmv2] [D] [thread 3669] [18.0] [cxt 0] Parser state 'parse_ipv4' has no switch, going to default next state
[21:29:03.526] [bmv2] [T] [thread 3669] [18.0] [cxt 0] Bytes parsed: 34
[21:29:03.526] [bmv2] [D] [thread 3669] [18.0] [cxt 0] Parser 'parser': end
[21:29:03.526] [bmv2] [D] [thread 3669] [18.0] [cxt 0] Pipeline 'ingress': start
[21:29:03.526] [bmv2] [T] [thread 3669] [18.0] [cxt 0] basic.p4(115) Condition "hdr.ipv4.isValid()" (node_2) is true
[21:29:03.526] [bmv2] [T] [thread 3669] [18.0] [cxt 0] Applying table 'MyIngress.ipv4_lpm'
[21:29:03.526] [bmv2] [D] [thread 3669] [18.0] [cxt 0] Looking up key:
* hdr.ipv4.dstAddr    : 0a000404

[21:29:03.526] [bmv2] [D] [thread 3669] [18.0] [cxt 0] Table 'MyIngress.ipv4_lpm': hit with handle 3
[21:29:03.526] [bmv2] [D] [thread 3669] [18.0] [cxt 0] Dumping entry 3
Match key:
* hdr.ipv4.dstAddr    : LPM       0a000404/32
Action entry: MyIngress.ipv4_forward - 80000000200,1,

[21:29:03.526] [bmv2] [D] [thread 3669] [18.0] [cxt 0] Action entry is MyIngress.ipv4_forward - 80000000200,1,
[21:29:03.526] [bmv2] [T] [thread 3669] [18.0] [cxt 0] Action MyIngress.ipv4_forward
[21:29:03.526] [bmv2] [T] [thread 3669] [18.0] [cxt 0] basic.p4(95) Primitive standard_metadata.egress_spec = port
[21:29:03.526] [bmv2] [T] [thread 3669] [18.0] [cxt 0] basic.p4(96) Primitive hdr.ethernet.srcAddr = hdr.ethernet.dstAddr
[21:29:03.526] [bmv2] [T] [thread 3669] [18.0] [cxt 0] basic.p4(97) Primitive hdr.ethernet.dstAddr = dstAddr
[21:29:03.526] [bmv2] [T] [thread 3669] [18.0] [cxt 0] basic.p4(98) Primitive hdr.ipv4.ttl = hdr.ipv4.ttl - 1
[21:29:03.526] [bmv2] [D] [thread 3669] [18.0] [cxt 0] Pipeline 'ingress': end
[21:29:03.526] [bmv2] [D] [thread 3669] [18.0] [cxt 0] Egress port is 1
[21:29:03.528] [bmv2] [D] [thread 3671] [18.0] [cxt 0] Pipeline 'egress': start
[21:29:03.528] [bmv2] [D] [thread 3671] [18.0] [cxt 0] Pipeline 'egress': end
[21:29:03.528] [bmv2] [D] [thread 3671] [18.0] [cxt 0] Deparser 'deparser': start
[21:29:03.528] [bmv2] [D] [thread 3671] [18.0] [cxt 0] Updating checksum 'cksum'
[21:29:03.528] [bmv2] [D] [thread 3671] [18.0] [cxt 0] Deparsing header 'ethernet'
[21:29:03.528] [bmv2] [D] [thread 3671] [18.0] [cxt 0] Deparsing header 'ipv4'
[21:29:03.528] [bmv2] [D] [thread 3671] [18.0] [cxt 0] Deparser 'deparser': end
[21:29:03.528] [bmv2] [D] [thread 3674] [18.0] [cxt 0] Transmitting packet of size 98 out of port 1
[21:29:03.540] [bmv2] [D] [thread 3669] [19.0] [cxt 0] Processing packet received on port 1
[21:29:03.540] [bmv2] [D] [thread 3669] [19.0] [cxt 0] Parser 'parser': start
[21:29:03.540] [bmv2] [D] [thread 3669] [19.0] [cxt 0] Parser 'parser' entering state 'start'
[21:29:03.540] [bmv2] [D] [thread 3669] [19.0] [cxt 0] Extracting header 'ethernet'
[21:29:03.540] [bmv2] [D] [thread 3669] [19.0] [cxt 0] Parser state 'start': key is 0800
[21:29:03.540] [bmv2] [T] [thread 3669] [19.0] [cxt 0] Bytes parsed: 14
[21:29:03.540] [bmv2] [D] [thread 3669] [19.0] [cxt 0] Parser 'parser' entering state 'parse_ipv4'
[21:29:03.540] [bmv2] [D] [thread 3669] [19.0] [cxt 0] Extracting header 'ipv4'
[21:29:03.540] [bmv2] [D] [thread 3669] [19.0] [cxt 0] Parser state 'parse_ipv4' has no switch, going to default next state
[21:29:03.540] [bmv2] [T] [thread 3669] [19.0] [cxt 0] Bytes parsed: 34
[21:29:03.540] [bmv2] [D] [thread 3669] [19.0] [cxt 0] Parser 'parser': end
[21:29:03.540] [bmv2] [D] [thread 3669] [19.0] [cxt 0] Pipeline 'ingress': start
[21:29:03.540] [bmv2] [T] [thread 3669] [19.0] [cxt 0] basic.p4(115) Condition "hdr.ipv4.isValid()" (node_2) is true
[21:29:03.540] [bmv2] [T] [thread 3669] [19.0] [cxt 0] Applying table 'MyIngress.ipv4_lpm'
[21:29:03.540] [bmv2] [D] [thread 3669] [19.0] [cxt 0] Looking up key:
* hdr.ipv4.dstAddr    : 0a000202

[21:29:03.540] [bmv2] [D] [thread 3669] [19.0] [cxt 0] Table 'MyIngress.ipv4_lpm': hit with handle 1
[21:29:03.540] [bmv2] [D] [thread 3669] [19.0] [cxt 0] Dumping entry 1
Match key:
* hdr.ipv4.dstAddr    : LPM       0a000202/32
Action entry: MyIngress.ipv4_forward - 80000000100,2,

[21:29:03.540] [bmv2] [D] [thread 3669] [19.0] [cxt 0] Action entry is MyIngress.ipv4_forward - 80000000100,2,
[21:29:03.540] [bmv2] [T] [thread 3669] [19.0] [cxt 0] Action MyIngress.ipv4_forward
[21:29:03.541] [bmv2] [T] [thread 3669] [19.0] [cxt 0] basic.p4(95) Primitive standard_metadata.egress_spec = port
[21:29:03.541] [bmv2] [T] [thread 3669] [19.0] [cxt 0] basic.p4(96) Primitive hdr.ethernet.srcAddr = hdr.ethernet.dstAddr
[21:29:03.541] [bmv2] [T] [thread 3669] [19.0] [cxt 0] basic.p4(97) Primitive hdr.ethernet.dstAddr = dstAddr
[21:29:03.541] [bmv2] [T] [thread 3669] [19.0] [cxt 0] basic.p4(98) Primitive hdr.ipv4.ttl = hdr.ipv4.ttl - 1
[21:29:03.541] [bmv2] [D] [thread 3669] [19.0] [cxt 0] Pipeline 'ingress': end
[21:29:03.541] [bmv2] [D] [thread 3669] [19.0] [cxt 0] Egress port is 2
[21:29:03.544] [bmv2] [D] [thread 3672] [19.0] [cxt 0] Pipeline 'egress': start
[21:29:03.544] [bmv2] [D] [thread 3672] [19.0] [cxt 0] Pipeline 'egress': end
[21:29:03.548] [bmv2] [D] [thread 3672] [19.0] [cxt 0] Deparser 'deparser': start
[21:29:03.548] [bmv2] [D] [thread 3672] [19.0] [cxt 0] Updating checksum 'cksum'
[21:29:03.553] [bmv2] [D] [thread 3672] [19.0] [cxt 0] Deparsing header 'ethernet'
[21:29:03.556] [bmv2] [D] [thread 3672] [19.0] [cxt 0] Deparsing header 'ipv4'
[21:29:03.556] [bmv2] [D] [thread 3672] [19.0] [cxt 0] Deparser 'deparser': end
[21:29:03.557] [bmv2] [D] [thread 3674] [19.0] [cxt 0] Transmitting packet of size 98 out of port 2
[21:29:03.754] [bmv2] [D] [thread 3669] [20.0] [cxt 0] Processing packet received on port 1
[21:29:03.754] [bmv2] [D] [thread 3669] [20.0] [cxt 0] Parser 'parser': start
[21:29:03.754] [bmv2] [D] [thread 3669] [20.0] [cxt 0] Parser 'parser' entering state 'start'
[21:29:03.754] [bmv2] [D] [thread 3669] [20.0] [cxt 0] Extracting header 'ethernet'
[21:29:03.754] [bmv2] [D] [thread 3669] [20.0] [cxt 0] Parser state 'start': key is 0800
[21:29:03.754] [bmv2] [T] [thread 3669] [20.0] [cxt 0] Bytes parsed: 14
[21:29:03.754] [bmv2] [D] [thread 3669] [20.0] [cxt 0] Parser 'parser' entering state 'parse_ipv4'
[21:29:03.754] [bmv2] [D] [thread 3669] [20.0] [cxt 0] Extracting header 'ipv4'
[21:29:03.754] [bmv2] [D] [thread 3669] [20.0] [cxt 0] Parser state 'parse_ipv4' has no switch, going to default next state
[21:29:03.754] [bmv2] [T] [thread 3669] [20.0] [cxt 0] Bytes parsed: 34
[21:29:03.754] [bmv2] [D] [thread 3669] [20.0] [cxt 0] Parser 'parser': end
[21:29:03.754] [bmv2] [D] [thread 3669] [20.0] [cxt 0] Pipeline 'ingress': start
[21:29:03.754] [bmv2] [T] [thread 3669] [20.0] [cxt 0] basic.p4(115) Condition "hdr.ipv4.isValid()" (node_2) is true
[21:29:03.754] [bmv2] [T] [thread 3669] [20.0] [cxt 0] Applying table 'MyIngress.ipv4_lpm'
[21:29:03.755] [bmv2] [D] [thread 3669] [20.0] [cxt 0] Looking up key:
* hdr.ipv4.dstAddr    : 0a000202

[21:29:03.755] [bmv2] [D] [thread 3669] [20.0] [cxt 0] Table 'MyIngress.ipv4_lpm': hit with handle 1
[21:29:03.755] [bmv2] [D] [thread 3669] [20.0] [cxt 0] Dumping entry 1
Match key:
* hdr.ipv4.dstAddr    : LPM       0a000202/32
Action entry: MyIngress.ipv4_forward - 80000000100,2,

[21:29:03.755] [bmv2] [D] [thread 3669] [20.0] [cxt 0] Action entry is MyIngress.ipv4_forward - 80000000100,2,
[21:29:03.755] [bmv2] [T] [thread 3669] [20.0] [cxt 0] Action MyIngress.ipv4_forward
[21:29:03.755] [bmv2] [T] [thread 3669] [20.0] [cxt 0] basic.p4(95) Primitive standard_metadata.egress_spec = port
[21:29:03.755] [bmv2] [T] [thread 3669] [20.0] [cxt 0] basic.p4(96) Primitive hdr.ethernet.srcAddr = hdr.ethernet.dstAddr
[21:29:03.755] [bmv2] [T] [thread 3669] [20.0] [cxt 0] basic.p4(97) Primitive hdr.ethernet.dstAddr = dstAddr
[21:29:03.755] [bmv2] [T] [thread 3669] [20.0] [cxt 0] basic.p4(98) Primitive hdr.ipv4.ttl = hdr.ipv4.ttl - 1
[21:29:03.755] [bmv2] [D] [thread 3669] [20.0] [cxt 0] Pipeline 'ingress': end
[21:29:03.755] [bmv2] [D] [thread 3669] [20.0] [cxt 0] Egress port is 2
[21:29:03.756] [bmv2] [D] [thread 3672] [20.0] [cxt 0] Pipeline 'egress': start
[21:29:03.756] [bmv2] [D] [thread 3672] [20.0] [cxt 0] Pipeline 'egress': end
[21:29:03.756] [bmv2] [D] [thread 3672] [20.0] [cxt 0] Deparser 'deparser': start
[21:29:03.756] [bmv2] [D] [thread 3672] [20.0] [cxt 0] Updating checksum 'cksum'
[21:29:03.756] [bmv2] [D] [thread 3672] [20.0] [cxt 0] Deparsing header 'ethernet'
[21:29:03.757] [bmv2] [D] [thread 3672] [20.0] [cxt 0] Deparsing header 'ipv4'
[21:29:03.757] [bmv2] [D] [thread 3672] [20.0] [cxt 0] Deparser 'deparser': end
[21:29:03.757] [bmv2] [D] [thread 3674] [20.0] [cxt 0] Transmitting packet of size 98 out of port 2
[21:29:03.930] [bmv2] [D] [thread 3669] [21.0] [cxt 0] Processing packet received on port 2
[21:29:03.930] [bmv2] [D] [thread 3669] [21.0] [cxt 0] Parser 'parser': start
[21:29:03.930] [bmv2] [D] [thread 3669] [21.0] [cxt 0] Parser 'parser' entering state 'start'
[21:29:03.930] [bmv2] [D] [thread 3669] [21.0] [cxt 0] Extracting header 'ethernet'
[21:29:03.930] [bmv2] [D] [thread 3669] [21.0] [cxt 0] Parser state 'start': key is 0800
[21:29:03.930] [bmv2] [T] [thread 3669] [21.0] [cxt 0] Bytes parsed: 14
[21:29:03.930] [bmv2] [D] [thread 3669] [21.0] [cxt 0] Parser 'parser' entering state 'parse_ipv4'
[21:29:03.930] [bmv2] [D] [thread 3669] [21.0] [cxt 0] Extracting header 'ipv4'
[21:29:03.930] [bmv2] [D] [thread 3669] [21.0] [cxt 0] Parser state 'parse_ipv4' has no switch, going to default next state
[21:29:03.931] [bmv2] [T] [thread 3669] [21.0] [cxt 0] Bytes parsed: 34
[21:29:03.931] [bmv2] [D] [thread 3669] [21.0] [cxt 0] Parser 'parser': end
[21:29:03.931] [bmv2] [D] [thread 3669] [21.0] [cxt 0] Pipeline 'ingress': start
[21:29:03.931] [bmv2] [T] [thread 3669] [21.0] [cxt 0] basic.p4(115) Condition "hdr.ipv4.isValid()" (node_2) is true
[21:29:03.931] [bmv2] [T] [thread 3669] [21.0] [cxt 0] Applying table 'MyIngress.ipv4_lpm'
[21:29:03.931] [bmv2] [D] [thread 3669] [21.0] [cxt 0] Looking up key:
* hdr.ipv4.dstAddr    : 0a000404

[21:29:03.931] [bmv2] [D] [thread 3669] [21.0] [cxt 0] Table 'MyIngress.ipv4_lpm': hit with handle 3
[21:29:03.949] [bmv2] [D] [thread 3669] [21.0] [cxt 0] Dumping entry 3
Match key:
* hdr.ipv4.dstAddr    : LPM       0a000404/32
Action entry: MyIngress.ipv4_forward - 80000000200,1,

[21:29:03.949] [bmv2] [D] [thread 3669] [21.0] [cxt 0] Action entry is MyIngress.ipv4_forward - 80000000200,1,
[21:29:03.949] [bmv2] [T] [thread 3669] [21.0] [cxt 0] Action MyIngress.ipv4_forward
[21:29:03.949] [bmv2] [T] [thread 3669] [21.0] [cxt 0] basic.p4(95) Primitive standard_metadata.egress_spec = port
[21:29:03.949] [bmv2] [T] [thread 3669] [21.0] [cxt 0] basic.p4(96) Primitive hdr.ethernet.srcAddr = hdr.ethernet.dstAddr
[21:29:03.949] [bmv2] [T] [thread 3669] [21.0] [cxt 0] basic.p4(97) Primitive hdr.ethernet.dstAddr = dstAddr
[21:29:03.949] [bmv2] [T] [thread 3669] [21.0] [cxt 0] basic.p4(98) Primitive hdr.ipv4.ttl = hdr.ipv4.ttl - 1
[21:29:03.949] [bmv2] [D] [thread 3669] [21.0] [cxt 0] Pipeline 'ingress': end
[21:29:03.949] [bmv2] [D] [thread 3669] [21.0] [cxt 0] Egress port is 1
[21:29:03.957] [bmv2] [D] [thread 3671] [21.0] [cxt 0] Pipeline 'egress': start
[21:29:03.957] [bmv2] [D] [thread 3671] [21.0] [cxt 0] Pipeline 'egress': end
[21:29:03.957] [bmv2] [D] [thread 3671] [21.0] [cxt 0] Deparser 'deparser': start
[21:29:03.957] [bmv2] [D] [thread 3671] [21.0] [cxt 0] Updating checksum 'cksum'
[21:29:03.957] [bmv2] [D] [thread 3671] [21.0] [cxt 0] Deparsing header 'ethernet'
[21:29:03.957] [bmv2] [D] [thread 3671] [21.0] [cxt 0] Deparsing header 'ipv4'
[21:29:03.957] [bmv2] [D] [thread 3671] [21.0] [cxt 0] Deparser 'deparser': end
[21:29:03.960] [bmv2] [D] [thread 3674] [21.0] [cxt 0] Transmitting packet of size 98 out of port 1
[21:29:04.048] [bmv2] [D] [thread 3669] [22.0] [cxt 0] Processing packet received on port 1
[21:29:04.048] [bmv2] [D] [thread 3669] [22.0] [cxt 0] Parser 'parser': start
[21:29:04.048] [bmv2] [D] [thread 3669] [22.0] [cxt 0] Parser 'parser' entering state 'start'
[21:29:04.048] [bmv2] [D] [thread 3669] [22.0] [cxt 0] Extracting header 'ethernet'
[21:29:04.048] [bmv2] [D] [thread 3669] [22.0] [cxt 0] Parser state 'start': key is 0800
[21:29:04.049] [bmv2] [T] [thread 3669] [22.0] [cxt 0] Bytes parsed: 14
[21:29:04.049] [bmv2] [D] [thread 3669] [22.0] [cxt 0] Parser 'parser' entering state 'parse_ipv4'
[21:29:04.049] [bmv2] [D] [thread 3669] [22.0] [cxt 0] Extracting header 'ipv4'
[21:29:04.049] [bmv2] [D] [thread 3669] [22.0] [cxt 0] Parser state 'parse_ipv4' has no switch, going to default next state
[21:29:04.049] [bmv2] [T] [thread 3669] [22.0] [cxt 0] Bytes parsed: 34
[21:29:04.049] [bmv2] [D] [thread 3669] [22.0] [cxt 0] Parser 'parser': end
[21:29:04.049] [bmv2] [D] [thread 3669] [22.0] [cxt 0] Pipeline 'ingress': start
[21:29:04.049] [bmv2] [T] [thread 3669] [22.0] [cxt 0] basic.p4(115) Condition "hdr.ipv4.isValid()" (node_2) is true
[21:29:04.049] [bmv2] [T] [thread 3669] [22.0] [cxt 0] Applying table 'MyIngress.ipv4_lpm'
[21:29:04.049] [bmv2] [D] [thread 3669] [22.0] [cxt 0] Looking up key:
* hdr.ipv4.dstAddr    : 0a000202

[21:29:04.049] [bmv2] [D] [thread 3669] [22.0] [cxt 0] Table 'MyIngress.ipv4_lpm': hit with handle 1
[21:29:04.049] [bmv2] [D] [thread 3669] [22.0] [cxt 0] Dumping entry 1
Match key:
* hdr.ipv4.dstAddr    : LPM       0a000202/32
Action entry: MyIngress.ipv4_forward - 80000000100,2,

[21:29:04.049] [bmv2] [D] [thread 3669] [22.0] [cxt 0] Action entry is MyIngress.ipv4_forward - 80000000100,2,
[21:29:04.049] [bmv2] [T] [thread 3669] [22.0] [cxt 0] Action MyIngress.ipv4_forward
[21:29:04.049] [bmv2] [T] [thread 3669] [22.0] [cxt 0] basic.p4(95) Primitive standard_metadata.egress_spec = port
[21:29:04.049] [bmv2] [T] [thread 3669] [22.0] [cxt 0] basic.p4(96) Primitive hdr.ethernet.srcAddr = hdr.ethernet.dstAddr
[21:29:04.049] [bmv2] [T] [thread 3669] [22.0] [cxt 0] basic.p4(97) Primitive hdr.ethernet.dstAddr = dstAddr
[21:29:04.049] [bmv2] [T] [thread 3669] [22.0] [cxt 0] basic.p4(98) Primitive hdr.ipv4.ttl = hdr.ipv4.ttl - 1
[21:29:04.049] [bmv2] [D] [thread 3669] [22.0] [cxt 0] Pipeline 'ingress': end
[21:29:04.049] [bmv2] [D] [thread 3669] [22.0] [cxt 0] Egress port is 2
[21:29:04.050] [bmv2] [D] [thread 3672] [22.0] [cxt 0] Pipeline 'egress': start
[21:29:04.050] [bmv2] [D] [thread 3672] [22.0] [cxt 0] Pipeline 'egress': end
[21:29:04.052] [bmv2] [D] [thread 3672] [22.0] [cxt 0] Deparser 'deparser': start
[21:29:04.052] [bmv2] [D] [thread 3672] [22.0] [cxt 0] Updating checksum 'cksum'
[21:29:04.052] [bmv2] [D] [thread 3672] [22.0] [cxt 0] Deparsing header 'ethernet'
[21:29:04.052] [bmv2] [D] [thread 3672] [22.0] [cxt 0] Deparsing header 'ipv4'
[21:29:04.052] [bmv2] [D] [thread 3672] [22.0] [cxt 0] Deparser 'deparser': end
[21:29:04.053] [bmv2] [D] [thread 3674] [22.0] [cxt 0] Transmitting packet of size 98 out of port 2
[21:29:04.071] [bmv2] [D] [thread 3669] [23.0] [cxt 0] Processing packet received on port 2
[21:29:04.071] [bmv2] [D] [thread 3669] [23.0] [cxt 0] Parser 'parser': start
[21:29:04.071] [bmv2] [D] [thread 3669] [23.0] [cxt 0] Parser 'parser' entering state 'start'
[21:29:04.071] [bmv2] [D] [thread 3669] [23.0] [cxt 0] Extracting header 'ethernet'
[21:29:04.071] [bmv2] [D] [thread 3669] [23.0] [cxt 0] Parser state 'start': key is 0800
[21:29:04.071] [bmv2] [T] [thread 3669] [23.0] [cxt 0] Bytes parsed: 14
[21:29:04.071] [bmv2] [D] [thread 3669] [23.0] [cxt 0] Parser 'parser' entering state 'parse_ipv4'
[21:29:04.071] [bmv2] [D] [thread 3669] [23.0] [cxt 0] Extracting header 'ipv4'
[21:29:04.071] [bmv2] [D] [thread 3669] [23.0] [cxt 0] Parser state 'parse_ipv4' has no switch, going to default next state
[21:29:04.071] [bmv2] [T] [thread 3669] [23.0] [cxt 0] Bytes parsed: 34
[21:29:04.071] [bmv2] [D] [thread 3669] [23.0] [cxt 0] Parser 'parser': end
[21:29:04.071] [bmv2] [D] [thread 3669] [23.0] [cxt 0] Pipeline 'ingress': start
[21:29:04.071] [bmv2] [T] [thread 3669] [23.0] [cxt 0] basic.p4(115) Condition "hdr.ipv4.isValid()" (node_2) is true
[21:29:04.071] [bmv2] [T] [thread 3669] [23.0] [cxt 0] Applying table 'MyIngress.ipv4_lpm'
[21:29:04.072] [bmv2] [D] [thread 3669] [23.0] [cxt 0] Looking up key:
* hdr.ipv4.dstAddr    : 0a000404

[21:29:04.072] [bmv2] [D] [thread 3669] [23.0] [cxt 0] Table 'MyIngress.ipv4_lpm': hit with handle 3
[21:29:04.072] [bmv2] [D] [thread 3669] [23.0] [cxt 0] Dumping entry 3
Match key:
* hdr.ipv4.dstAddr    : LPM       0a000404/32
Action entry: MyIngress.ipv4_forward - 80000000200,1,

[21:29:04.072] [bmv2] [D] [thread 3669] [23.0] [cxt 0] Action entry is MyIngress.ipv4_forward - 80000000200,1,
[21:29:04.072] [bmv2] [T] [thread 3669] [23.0] [cxt 0] Action MyIngress.ipv4_forward
[21:29:04.072] [bmv2] [T] [thread 3669] [23.0] [cxt 0] basic.p4(95) Primitive standard_metadata.egress_spec = port
[21:29:04.072] [bmv2] [T] [thread 3669] [23.0] [cxt 0] basic.p4(96) Primitive hdr.ethernet.srcAddr = hdr.ethernet.dstAddr
[21:29:04.072] [bmv2] [T] [thread 3669] [23.0] [cxt 0] basic.p4(97) Primitive hdr.ethernet.dstAddr = dstAddr
[21:29:04.072] [bmv2] [T] [thread 3669] [23.0] [cxt 0] basic.p4(98) Primitive hdr.ipv4.ttl = hdr.ipv4.ttl - 1
[21:29:04.072] [bmv2] [D] [thread 3669] [23.0] [cxt 0] Pipeline 'ingress': end
[21:29:04.072] [bmv2] [D] [thread 3669] [23.0] [cxt 0] Egress port is 1
[21:29:04.072] [bmv2] [D] [thread 3671] [23.0] [cxt 0] Pipeline 'egress': start
[21:29:04.072] [bmv2] [D] [thread 3671] [23.0] [cxt 0] Pipeline 'egress': end
[21:29:04.073] [bmv2] [D] [thread 3671] [23.0] [cxt 0] Deparser 'deparser': start
[21:29:04.073] [bmv2] [D] [thread 3671] [23.0] [cxt 0] Updating checksum 'cksum'
[21:29:04.074] [bmv2] [D] [thread 3671] [23.0] [cxt 0] Deparsing header 'ethernet'
[21:29:04.074] [bmv2] [D] [thread 3671] [23.0] [cxt 0] Deparsing header 'ipv4'
[21:29:04.074] [bmv2] [D] [thread 3671] [23.0] [cxt 0] Deparser 'deparser': end
[21:29:04.074] [bmv2] [D] [thread 3674] [23.0] [cxt 0] Transmitting packet of size 98 out of port 1
open: No such file or directory
open: No such file or directory
open: No such file or directory
open: No such file or directory
open: No such file or directory
open: No such file or directory
open: No such file or directory
open: No such file or directory
open: No such file or directory
open: No such file or directory
open: No such file or directory
